Classic Timing Analyzer report for trigger
Tue May 08 12:50:38 2018
Quartus II Version 9.1 Build 350 03/24/2010 Service Pack 2 SJ Web Edition


---------------------
; Table of Contents ;
---------------------
  1. Legal Notice
  2. Timing Analyzer Summary
  3. Timing Analyzer Settings
  4. Clock Settings Summary
  5. Parallel Compilation
  6. Clock Setup: 'clk'
  7. tsu
  8. tco
  9. th
 10. Timing Analyzer Messages



----------------
; Legal Notice ;
----------------
Copyright (C) 1991-2010 Altera Corporation
Your use of Altera Corporation's design tools, logic functions 
and other software and tools, and its AMPP partner logic 
functions, and any output files from any of the foregoing 
(including device programming or simulation files), and any 
associated documentation or information are expressly subject 
to the terms and conditions of the Altera Program License 
Subscription Agreement, Altera MegaCore Function License 
Agreement, or other applicable license agreement, including, 
without limitation, that your use is for the sole purpose of 
programming logic devices manufactured by Altera and sold by 
Altera or its authorized distributors.  Please refer to the 
applicable agreement for further details.



+----------------------------------------------------------------------------------------------------------------------------------------------------------+
; Timing Analyzer Summary                                                                                                                                  ;
+------------------------------+-------+---------------+----------------------------------+-----------+-------------+------------+----------+--------------+
; Type                         ; Slack ; Required Time ; Actual Time                      ; From      ; To          ; From Clock ; To Clock ; Failed Paths ;
+------------------------------+-------+---------------+----------------------------------+-----------+-------------+------------+----------+--------------+
; Worst-case tsu               ; N/A   ; None          ; 1.697 ns                         ; echo      ; count[7]    ; --         ; clk      ; 0            ;
; Worst-case tco               ; N/A   ; None          ; 7.708 ns                         ; trig~reg0 ; trig        ; clk        ; --       ; 0            ;
; Worst-case th                ; N/A   ; None          ; 0.721 ns                         ; echo      ; echoCurrent ; --         ; clk      ; 0            ;
; Clock Setup: 'clk'           ; N/A   ; None          ; 246.49 MHz ( period = 4.057 ns ) ; echoPrev  ; count[7]    ; clk        ; clk      ; 0            ;
; Total number of failed paths ;       ;               ;                                  ;           ;             ;            ;          ; 0            ;
+------------------------------+-------+---------------+----------------------------------+-----------+-------------+------------+----------+--------------+


+-----------------------------------------------------------------------------------------------------------------------------------------------------+
; Timing Analyzer Settings                                                                                                                            ;
+------------------------------------------------------------------------------------------------------+--------------------+------+----+-------------+
; Option                                                                                               ; Setting            ; From ; To ; Entity Name ;
+------------------------------------------------------------------------------------------------------+--------------------+------+----+-------------+
; Device Name                                                                                          ; EP2C35F672C6       ;      ;    ;             ;
; Timing Models                                                                                        ; Final              ;      ;    ;             ;
; Default hold multicycle                                                                              ; Same as Multicycle ;      ;    ;             ;
; Cut paths between unrelated clock domains                                                            ; On                 ;      ;    ;             ;
; Cut off read during write signal paths                                                               ; On                 ;      ;    ;             ;
; Cut off feedback from I/O pins                                                                       ; On                 ;      ;    ;             ;
; Report Combined Fast/Slow Timing                                                                     ; Off                ;      ;    ;             ;
; Ignore Clock Settings                                                                                ; Off                ;      ;    ;             ;
; Analyze latches as synchronous elements                                                              ; On                 ;      ;    ;             ;
; Enable Recovery/Removal analysis                                                                     ; Off                ;      ;    ;             ;
; Enable Clock Latency                                                                                 ; Off                ;      ;    ;             ;
; Use TimeQuest Timing Analyzer                                                                        ; Off                ;      ;    ;             ;
; Minimum Core Junction Temperature                                                                    ; 0                  ;      ;    ;             ;
; Maximum Core Junction Temperature                                                                    ; 85                 ;      ;    ;             ;
; Number of source nodes to report per destination node                                                ; 10                 ;      ;    ;             ;
; Number of destination nodes to report                                                                ; 10                 ;      ;    ;             ;
; Number of paths to report                                                                            ; 200                ;      ;    ;             ;
; Report Minimum Timing Checks                                                                         ; Off                ;      ;    ;             ;
; Use Fast Timing Models                                                                               ; Off                ;      ;    ;             ;
; Report IO Paths Separately                                                                           ; Off                ;      ;    ;             ;
; Perform Multicorner Analysis                                                                         ; On                 ;      ;    ;             ;
; Reports the worst-case path for each clock domain and analysis                                       ; Off                ;      ;    ;             ;
; Reports worst-case timing paths for each clock domain and analysis                                   ; On                 ;      ;    ;             ;
; Specifies the maximum number of worst-case timing paths to report for each clock domain and analysis ; 100                ;      ;    ;             ;
; Removes common clock path pessimism (CCPP) during slack computation                                  ; Off                ;      ;    ;             ;
; Output I/O Timing Endpoint                                                                           ; Near End           ;      ;    ;             ;
+------------------------------------------------------------------------------------------------------+--------------------+------+----+-------------+


+------------------------------------------------------------------------------------------------------------------------------------------------------------------------------------+
; Clock Settings Summary                                                                                                                                                             ;
+-----------------+--------------------+----------+------------------+---------------+--------------+----------+-----------------------+---------------------+--------+--------------+
; Clock Node Name ; Clock Setting Name ; Type     ; Fmax Requirement ; Early Latency ; Late Latency ; Based on ; Multiply Base Fmax by ; Divide Base Fmax by ; Offset ; Phase offset ;
+-----------------+--------------------+----------+------------------+---------------+--------------+----------+-----------------------+---------------------+--------+--------------+
; clk             ;                    ; User Pin ; None             ; 0.000 ns      ; 0.000 ns     ; --       ; N/A                   ; N/A                 ; N/A    ;              ;
+-----------------+--------------------+----------+------------------+---------------+--------------+----------+-----------------------+---------------------+--------+--------------+


Parallel compilation was disabled, but you have multiple processors available. Enable parallel compilation to reduce compilation time.
+-------------------------------------+
; Parallel Compilation                ;
+----------------------------+--------+
; Processors                 ; Number ;
+----------------------------+--------+
; Number detected on machine ; 2      ;
; Maximum allowed            ; 1      ;
+----------------------------+--------+


+-------------------------------------------------------------------------------------------------------------------------------------------------------------------------------------------------------------------------------------+
; Clock Setup: 'clk'                                                                                                                                                                                                                  ;
+-----------------------------------------+-----------------------------------------------------+-------------+-----------+------------+----------+-----------------------------+---------------------------+-------------------------+
; Slack                                   ; Actual fmax (period)                                ; From        ; To        ; From Clock ; To Clock ; Required Setup Relationship ; Required Longest P2P Time ; Actual Longest P2P Time ;
+-----------------------------------------+-----------------------------------------------------+-------------+-----------+------------+----------+-----------------------------+---------------------------+-------------------------+
; N/A                                     ; 246.49 MHz ( period = 4.057 ns )                    ; echoPrev    ; count[0]  ; clk        ; clk      ; None                        ; None                      ; 3.843 ns                ;
; N/A                                     ; 246.49 MHz ( period = 4.057 ns )                    ; echoPrev    ; count[4]  ; clk        ; clk      ; None                        ; None                      ; 3.843 ns                ;
; N/A                                     ; 246.49 MHz ( period = 4.057 ns )                    ; echoPrev    ; count[1]  ; clk        ; clk      ; None                        ; None                      ; 3.843 ns                ;
; N/A                                     ; 246.49 MHz ( period = 4.057 ns )                    ; echoPrev    ; count[3]  ; clk        ; clk      ; None                        ; None                      ; 3.843 ns                ;
; N/A                                     ; 246.49 MHz ( period = 4.057 ns )                    ; echoPrev    ; count[5]  ; clk        ; clk      ; None                        ; None                      ; 3.843 ns                ;
; N/A                                     ; 246.49 MHz ( period = 4.057 ns )                    ; echoPrev    ; count[6]  ; clk        ; clk      ; None                        ; None                      ; 3.843 ns                ;
; N/A                                     ; 246.49 MHz ( period = 4.057 ns )                    ; echoPrev    ; count[13] ; clk        ; clk      ; None                        ; None                      ; 3.843 ns                ;
; N/A                                     ; 246.49 MHz ( period = 4.057 ns )                    ; echoPrev    ; count[12] ; clk        ; clk      ; None                        ; None                      ; 3.843 ns                ;
; N/A                                     ; 246.49 MHz ( period = 4.057 ns )                    ; echoPrev    ; count[8]  ; clk        ; clk      ; None                        ; None                      ; 3.843 ns                ;
; N/A                                     ; 246.49 MHz ( period = 4.057 ns )                    ; echoPrev    ; count[11] ; clk        ; clk      ; None                        ; None                      ; 3.843 ns                ;
; N/A                                     ; 246.49 MHz ( period = 4.057 ns )                    ; echoPrev    ; count[10] ; clk        ; clk      ; None                        ; None                      ; 3.843 ns                ;
; N/A                                     ; 246.49 MHz ( period = 4.057 ns )                    ; echoPrev    ; count[9]  ; clk        ; clk      ; None                        ; None                      ; 3.843 ns                ;
; N/A                                     ; 246.49 MHz ( period = 4.057 ns )                    ; echoPrev    ; count[2]  ; clk        ; clk      ; None                        ; None                      ; 3.843 ns                ;
; N/A                                     ; 246.49 MHz ( period = 4.057 ns )                    ; echoPrev    ; count[7]  ; clk        ; clk      ; None                        ; None                      ; 3.843 ns                ;
; N/A                                     ; 260.01 MHz ( period = 3.846 ns )                    ; count[7]    ; count[0]  ; clk        ; clk      ; None                        ; None                      ; 3.632 ns                ;
; N/A                                     ; 260.01 MHz ( period = 3.846 ns )                    ; count[7]    ; count[4]  ; clk        ; clk      ; None                        ; None                      ; 3.632 ns                ;
; N/A                                     ; 260.01 MHz ( period = 3.846 ns )                    ; count[7]    ; count[1]  ; clk        ; clk      ; None                        ; None                      ; 3.632 ns                ;
; N/A                                     ; 260.01 MHz ( period = 3.846 ns )                    ; count[7]    ; count[3]  ; clk        ; clk      ; None                        ; None                      ; 3.632 ns                ;
; N/A                                     ; 260.01 MHz ( period = 3.846 ns )                    ; count[7]    ; count[5]  ; clk        ; clk      ; None                        ; None                      ; 3.632 ns                ;
; N/A                                     ; 260.01 MHz ( period = 3.846 ns )                    ; count[7]    ; count[6]  ; clk        ; clk      ; None                        ; None                      ; 3.632 ns                ;
; N/A                                     ; 260.01 MHz ( period = 3.846 ns )                    ; count[7]    ; count[13] ; clk        ; clk      ; None                        ; None                      ; 3.632 ns                ;
; N/A                                     ; 260.01 MHz ( period = 3.846 ns )                    ; count[7]    ; count[12] ; clk        ; clk      ; None                        ; None                      ; 3.632 ns                ;
; N/A                                     ; 260.01 MHz ( period = 3.846 ns )                    ; count[7]    ; count[8]  ; clk        ; clk      ; None                        ; None                      ; 3.632 ns                ;
; N/A                                     ; 260.01 MHz ( period = 3.846 ns )                    ; count[7]    ; count[11] ; clk        ; clk      ; None                        ; None                      ; 3.632 ns                ;
; N/A                                     ; 260.01 MHz ( period = 3.846 ns )                    ; count[7]    ; count[10] ; clk        ; clk      ; None                        ; None                      ; 3.632 ns                ;
; N/A                                     ; 260.01 MHz ( period = 3.846 ns )                    ; count[7]    ; count[9]  ; clk        ; clk      ; None                        ; None                      ; 3.632 ns                ;
; N/A                                     ; 260.01 MHz ( period = 3.846 ns )                    ; count[7]    ; count[2]  ; clk        ; clk      ; None                        ; None                      ; 3.632 ns                ;
; N/A                                     ; 260.01 MHz ( period = 3.846 ns )                    ; count[7]    ; count[7]  ; clk        ; clk      ; None                        ; None                      ; 3.632 ns                ;
; N/A                                     ; 263.99 MHz ( period = 3.788 ns )                    ; count[5]    ; count[0]  ; clk        ; clk      ; None                        ; None                      ; 3.574 ns                ;
; N/A                                     ; 263.99 MHz ( period = 3.788 ns )                    ; count[5]    ; count[4]  ; clk        ; clk      ; None                        ; None                      ; 3.574 ns                ;
; N/A                                     ; 263.99 MHz ( period = 3.788 ns )                    ; count[5]    ; count[1]  ; clk        ; clk      ; None                        ; None                      ; 3.574 ns                ;
; N/A                                     ; 263.99 MHz ( period = 3.788 ns )                    ; count[5]    ; count[3]  ; clk        ; clk      ; None                        ; None                      ; 3.574 ns                ;
; N/A                                     ; 263.99 MHz ( period = 3.788 ns )                    ; count[5]    ; count[5]  ; clk        ; clk      ; None                        ; None                      ; 3.574 ns                ;
; N/A                                     ; 263.99 MHz ( period = 3.788 ns )                    ; count[5]    ; count[6]  ; clk        ; clk      ; None                        ; None                      ; 3.574 ns                ;
; N/A                                     ; 263.99 MHz ( period = 3.788 ns )                    ; count[5]    ; count[13] ; clk        ; clk      ; None                        ; None                      ; 3.574 ns                ;
; N/A                                     ; 263.99 MHz ( period = 3.788 ns )                    ; count[5]    ; count[12] ; clk        ; clk      ; None                        ; None                      ; 3.574 ns                ;
; N/A                                     ; 263.99 MHz ( period = 3.788 ns )                    ; count[5]    ; count[8]  ; clk        ; clk      ; None                        ; None                      ; 3.574 ns                ;
; N/A                                     ; 263.99 MHz ( period = 3.788 ns )                    ; count[5]    ; count[11] ; clk        ; clk      ; None                        ; None                      ; 3.574 ns                ;
; N/A                                     ; 263.99 MHz ( period = 3.788 ns )                    ; count[5]    ; count[10] ; clk        ; clk      ; None                        ; None                      ; 3.574 ns                ;
; N/A                                     ; 263.99 MHz ( period = 3.788 ns )                    ; count[5]    ; count[9]  ; clk        ; clk      ; None                        ; None                      ; 3.574 ns                ;
; N/A                                     ; 263.99 MHz ( period = 3.788 ns )                    ; count[5]    ; count[2]  ; clk        ; clk      ; None                        ; None                      ; 3.574 ns                ;
; N/A                                     ; 263.99 MHz ( period = 3.788 ns )                    ; count[5]    ; count[7]  ; clk        ; clk      ; None                        ; None                      ; 3.574 ns                ;
; N/A                                     ; 267.38 MHz ( period = 3.740 ns )                    ; echoCurrent ; count[0]  ; clk        ; clk      ; None                        ; None                      ; 3.526 ns                ;
; N/A                                     ; 267.38 MHz ( period = 3.740 ns )                    ; echoCurrent ; count[4]  ; clk        ; clk      ; None                        ; None                      ; 3.526 ns                ;
; N/A                                     ; 267.38 MHz ( period = 3.740 ns )                    ; echoCurrent ; count[1]  ; clk        ; clk      ; None                        ; None                      ; 3.526 ns                ;
; N/A                                     ; 267.38 MHz ( period = 3.740 ns )                    ; echoCurrent ; count[3]  ; clk        ; clk      ; None                        ; None                      ; 3.526 ns                ;
; N/A                                     ; 267.38 MHz ( period = 3.740 ns )                    ; echoCurrent ; count[5]  ; clk        ; clk      ; None                        ; None                      ; 3.526 ns                ;
; N/A                                     ; 267.38 MHz ( period = 3.740 ns )                    ; echoCurrent ; count[6]  ; clk        ; clk      ; None                        ; None                      ; 3.526 ns                ;
; N/A                                     ; 267.38 MHz ( period = 3.740 ns )                    ; echoCurrent ; count[13] ; clk        ; clk      ; None                        ; None                      ; 3.526 ns                ;
; N/A                                     ; 267.38 MHz ( period = 3.740 ns )                    ; echoCurrent ; count[12] ; clk        ; clk      ; None                        ; None                      ; 3.526 ns                ;
; N/A                                     ; 267.38 MHz ( period = 3.740 ns )                    ; echoCurrent ; count[8]  ; clk        ; clk      ; None                        ; None                      ; 3.526 ns                ;
; N/A                                     ; 267.38 MHz ( period = 3.740 ns )                    ; echoCurrent ; count[11] ; clk        ; clk      ; None                        ; None                      ; 3.526 ns                ;
; N/A                                     ; 267.38 MHz ( period = 3.740 ns )                    ; echoCurrent ; count[10] ; clk        ; clk      ; None                        ; None                      ; 3.526 ns                ;
; N/A                                     ; 267.38 MHz ( period = 3.740 ns )                    ; echoCurrent ; count[9]  ; clk        ; clk      ; None                        ; None                      ; 3.526 ns                ;
; N/A                                     ; 267.38 MHz ( period = 3.740 ns )                    ; echoCurrent ; count[2]  ; clk        ; clk      ; None                        ; None                      ; 3.526 ns                ;
; N/A                                     ; 267.38 MHz ( period = 3.740 ns )                    ; echoCurrent ; count[7]  ; clk        ; clk      ; None                        ; None                      ; 3.526 ns                ;
; N/A                                     ; 269.76 MHz ( period = 3.707 ns )                    ; count[10]   ; count[0]  ; clk        ; clk      ; None                        ; None                      ; 3.493 ns                ;
; N/A                                     ; 269.76 MHz ( period = 3.707 ns )                    ; count[10]   ; count[4]  ; clk        ; clk      ; None                        ; None                      ; 3.493 ns                ;
; N/A                                     ; 269.76 MHz ( period = 3.707 ns )                    ; count[10]   ; count[1]  ; clk        ; clk      ; None                        ; None                      ; 3.493 ns                ;
; N/A                                     ; 269.76 MHz ( period = 3.707 ns )                    ; count[10]   ; count[3]  ; clk        ; clk      ; None                        ; None                      ; 3.493 ns                ;
; N/A                                     ; 269.76 MHz ( period = 3.707 ns )                    ; count[10]   ; count[5]  ; clk        ; clk      ; None                        ; None                      ; 3.493 ns                ;
; N/A                                     ; 269.76 MHz ( period = 3.707 ns )                    ; count[10]   ; count[6]  ; clk        ; clk      ; None                        ; None                      ; 3.493 ns                ;
; N/A                                     ; 269.76 MHz ( period = 3.707 ns )                    ; count[10]   ; count[13] ; clk        ; clk      ; None                        ; None                      ; 3.493 ns                ;
; N/A                                     ; 269.76 MHz ( period = 3.707 ns )                    ; count[10]   ; count[12] ; clk        ; clk      ; None                        ; None                      ; 3.493 ns                ;
; N/A                                     ; 269.76 MHz ( period = 3.707 ns )                    ; count[10]   ; count[8]  ; clk        ; clk      ; None                        ; None                      ; 3.493 ns                ;
; N/A                                     ; 269.76 MHz ( period = 3.707 ns )                    ; count[10]   ; count[11] ; clk        ; clk      ; None                        ; None                      ; 3.493 ns                ;
; N/A                                     ; 269.76 MHz ( period = 3.707 ns )                    ; count[10]   ; count[10] ; clk        ; clk      ; None                        ; None                      ; 3.493 ns                ;
; N/A                                     ; 269.76 MHz ( period = 3.707 ns )                    ; count[10]   ; count[9]  ; clk        ; clk      ; None                        ; None                      ; 3.493 ns                ;
; N/A                                     ; 269.76 MHz ( period = 3.707 ns )                    ; count[10]   ; count[2]  ; clk        ; clk      ; None                        ; None                      ; 3.493 ns                ;
; N/A                                     ; 269.76 MHz ( period = 3.707 ns )                    ; count[10]   ; count[7]  ; clk        ; clk      ; None                        ; None                      ; 3.493 ns                ;
; N/A                                     ; 276.01 MHz ( period = 3.623 ns )                    ; count[3]    ; count[0]  ; clk        ; clk      ; None                        ; None                      ; 3.409 ns                ;
; N/A                                     ; 276.01 MHz ( period = 3.623 ns )                    ; count[3]    ; count[4]  ; clk        ; clk      ; None                        ; None                      ; 3.409 ns                ;
; N/A                                     ; 276.01 MHz ( period = 3.623 ns )                    ; count[3]    ; count[1]  ; clk        ; clk      ; None                        ; None                      ; 3.409 ns                ;
; N/A                                     ; 276.01 MHz ( period = 3.623 ns )                    ; count[3]    ; count[3]  ; clk        ; clk      ; None                        ; None                      ; 3.409 ns                ;
; N/A                                     ; 276.01 MHz ( period = 3.623 ns )                    ; count[3]    ; count[5]  ; clk        ; clk      ; None                        ; None                      ; 3.409 ns                ;
; N/A                                     ; 276.01 MHz ( period = 3.623 ns )                    ; count[3]    ; count[6]  ; clk        ; clk      ; None                        ; None                      ; 3.409 ns                ;
; N/A                                     ; 276.01 MHz ( period = 3.623 ns )                    ; count[3]    ; count[13] ; clk        ; clk      ; None                        ; None                      ; 3.409 ns                ;
; N/A                                     ; 276.01 MHz ( period = 3.623 ns )                    ; count[3]    ; count[12] ; clk        ; clk      ; None                        ; None                      ; 3.409 ns                ;
; N/A                                     ; 276.01 MHz ( period = 3.623 ns )                    ; count[3]    ; count[8]  ; clk        ; clk      ; None                        ; None                      ; 3.409 ns                ;
; N/A                                     ; 276.01 MHz ( period = 3.623 ns )                    ; count[3]    ; count[11] ; clk        ; clk      ; None                        ; None                      ; 3.409 ns                ;
; N/A                                     ; 276.01 MHz ( period = 3.623 ns )                    ; count[3]    ; count[10] ; clk        ; clk      ; None                        ; None                      ; 3.409 ns                ;
; N/A                                     ; 276.01 MHz ( period = 3.623 ns )                    ; count[3]    ; count[9]  ; clk        ; clk      ; None                        ; None                      ; 3.409 ns                ;
; N/A                                     ; 276.01 MHz ( period = 3.623 ns )                    ; count[3]    ; count[2]  ; clk        ; clk      ; None                        ; None                      ; 3.409 ns                ;
; N/A                                     ; 276.01 MHz ( period = 3.623 ns )                    ; count[3]    ; count[7]  ; clk        ; clk      ; None                        ; None                      ; 3.409 ns                ;
; N/A                                     ; 277.09 MHz ( period = 3.609 ns )                    ; count[13]   ; count[0]  ; clk        ; clk      ; None                        ; None                      ; 3.395 ns                ;
; N/A                                     ; 277.09 MHz ( period = 3.609 ns )                    ; count[13]   ; count[4]  ; clk        ; clk      ; None                        ; None                      ; 3.395 ns                ;
; N/A                                     ; 277.09 MHz ( period = 3.609 ns )                    ; count[13]   ; count[1]  ; clk        ; clk      ; None                        ; None                      ; 3.395 ns                ;
; N/A                                     ; 277.09 MHz ( period = 3.609 ns )                    ; count[13]   ; count[3]  ; clk        ; clk      ; None                        ; None                      ; 3.395 ns                ;
; N/A                                     ; 277.09 MHz ( period = 3.609 ns )                    ; count[13]   ; count[5]  ; clk        ; clk      ; None                        ; None                      ; 3.395 ns                ;
; N/A                                     ; 277.09 MHz ( period = 3.609 ns )                    ; count[13]   ; count[6]  ; clk        ; clk      ; None                        ; None                      ; 3.395 ns                ;
; N/A                                     ; 277.09 MHz ( period = 3.609 ns )                    ; count[13]   ; count[13] ; clk        ; clk      ; None                        ; None                      ; 3.395 ns                ;
; N/A                                     ; 277.09 MHz ( period = 3.609 ns )                    ; count[13]   ; count[12] ; clk        ; clk      ; None                        ; None                      ; 3.395 ns                ;
; N/A                                     ; 277.09 MHz ( period = 3.609 ns )                    ; count[13]   ; count[8]  ; clk        ; clk      ; None                        ; None                      ; 3.395 ns                ;
; N/A                                     ; 277.09 MHz ( period = 3.609 ns )                    ; count[13]   ; count[11] ; clk        ; clk      ; None                        ; None                      ; 3.395 ns                ;
; N/A                                     ; 277.09 MHz ( period = 3.609 ns )                    ; count[13]   ; count[10] ; clk        ; clk      ; None                        ; None                      ; 3.395 ns                ;
; N/A                                     ; 277.09 MHz ( period = 3.609 ns )                    ; count[13]   ; count[9]  ; clk        ; clk      ; None                        ; None                      ; 3.395 ns                ;
; N/A                                     ; 277.09 MHz ( period = 3.609 ns )                    ; count[13]   ; count[2]  ; clk        ; clk      ; None                        ; None                      ; 3.395 ns                ;
; N/A                                     ; 277.09 MHz ( period = 3.609 ns )                    ; count[13]   ; count[7]  ; clk        ; clk      ; None                        ; None                      ; 3.395 ns                ;
; N/A                                     ; 278.01 MHz ( period = 3.597 ns )                    ; count[11]   ; count[0]  ; clk        ; clk      ; None                        ; None                      ; 3.383 ns                ;
; N/A                                     ; 278.01 MHz ( period = 3.597 ns )                    ; count[11]   ; count[4]  ; clk        ; clk      ; None                        ; None                      ; 3.383 ns                ;
; N/A                                     ; 278.01 MHz ( period = 3.597 ns )                    ; count[11]   ; count[1]  ; clk        ; clk      ; None                        ; None                      ; 3.383 ns                ;
; N/A                                     ; 278.01 MHz ( period = 3.597 ns )                    ; count[11]   ; count[3]  ; clk        ; clk      ; None                        ; None                      ; 3.383 ns                ;
; N/A                                     ; 278.01 MHz ( period = 3.597 ns )                    ; count[11]   ; count[5]  ; clk        ; clk      ; None                        ; None                      ; 3.383 ns                ;
; N/A                                     ; 278.01 MHz ( period = 3.597 ns )                    ; count[11]   ; count[6]  ; clk        ; clk      ; None                        ; None                      ; 3.383 ns                ;
; N/A                                     ; 278.01 MHz ( period = 3.597 ns )                    ; count[11]   ; count[13] ; clk        ; clk      ; None                        ; None                      ; 3.383 ns                ;
; N/A                                     ; 278.01 MHz ( period = 3.597 ns )                    ; count[11]   ; count[12] ; clk        ; clk      ; None                        ; None                      ; 3.383 ns                ;
; N/A                                     ; 278.01 MHz ( period = 3.597 ns )                    ; count[11]   ; count[8]  ; clk        ; clk      ; None                        ; None                      ; 3.383 ns                ;
; N/A                                     ; 278.01 MHz ( period = 3.597 ns )                    ; count[11]   ; count[11] ; clk        ; clk      ; None                        ; None                      ; 3.383 ns                ;
; N/A                                     ; 278.01 MHz ( period = 3.597 ns )                    ; count[11]   ; count[10] ; clk        ; clk      ; None                        ; None                      ; 3.383 ns                ;
; N/A                                     ; 278.01 MHz ( period = 3.597 ns )                    ; count[11]   ; count[9]  ; clk        ; clk      ; None                        ; None                      ; 3.383 ns                ;
; N/A                                     ; 278.01 MHz ( period = 3.597 ns )                    ; count[11]   ; count[2]  ; clk        ; clk      ; None                        ; None                      ; 3.383 ns                ;
; N/A                                     ; 278.01 MHz ( period = 3.597 ns )                    ; count[11]   ; count[7]  ; clk        ; clk      ; None                        ; None                      ; 3.383 ns                ;
; N/A                                     ; 279.02 MHz ( period = 3.584 ns )                    ; count[8]    ; count[0]  ; clk        ; clk      ; None                        ; None                      ; 3.370 ns                ;
; N/A                                     ; 279.02 MHz ( period = 3.584 ns )                    ; count[8]    ; count[4]  ; clk        ; clk      ; None                        ; None                      ; 3.370 ns                ;
; N/A                                     ; 279.02 MHz ( period = 3.584 ns )                    ; count[8]    ; count[1]  ; clk        ; clk      ; None                        ; None                      ; 3.370 ns                ;
; N/A                                     ; 279.02 MHz ( period = 3.584 ns )                    ; count[8]    ; count[3]  ; clk        ; clk      ; None                        ; None                      ; 3.370 ns                ;
; N/A                                     ; 279.02 MHz ( period = 3.584 ns )                    ; count[8]    ; count[5]  ; clk        ; clk      ; None                        ; None                      ; 3.370 ns                ;
; N/A                                     ; 279.02 MHz ( period = 3.584 ns )                    ; count[8]    ; count[6]  ; clk        ; clk      ; None                        ; None                      ; 3.370 ns                ;
; N/A                                     ; 279.02 MHz ( period = 3.584 ns )                    ; count[8]    ; count[13] ; clk        ; clk      ; None                        ; None                      ; 3.370 ns                ;
; N/A                                     ; 279.02 MHz ( period = 3.584 ns )                    ; count[8]    ; count[12] ; clk        ; clk      ; None                        ; None                      ; 3.370 ns                ;
; N/A                                     ; 279.02 MHz ( period = 3.584 ns )                    ; count[8]    ; count[8]  ; clk        ; clk      ; None                        ; None                      ; 3.370 ns                ;
; N/A                                     ; 279.02 MHz ( period = 3.584 ns )                    ; count[8]    ; count[11] ; clk        ; clk      ; None                        ; None                      ; 3.370 ns                ;
; N/A                                     ; 279.02 MHz ( period = 3.584 ns )                    ; count[8]    ; count[10] ; clk        ; clk      ; None                        ; None                      ; 3.370 ns                ;
; N/A                                     ; 279.02 MHz ( period = 3.584 ns )                    ; count[8]    ; count[9]  ; clk        ; clk      ; None                        ; None                      ; 3.370 ns                ;
; N/A                                     ; 279.02 MHz ( period = 3.584 ns )                    ; count[8]    ; count[2]  ; clk        ; clk      ; None                        ; None                      ; 3.370 ns                ;
; N/A                                     ; 279.02 MHz ( period = 3.584 ns )                    ; count[8]    ; count[7]  ; clk        ; clk      ; None                        ; None                      ; 3.370 ns                ;
; N/A                                     ; 279.33 MHz ( period = 3.580 ns )                    ; count[4]    ; count[0]  ; clk        ; clk      ; None                        ; None                      ; 3.366 ns                ;
; N/A                                     ; 279.33 MHz ( period = 3.580 ns )                    ; count[4]    ; count[4]  ; clk        ; clk      ; None                        ; None                      ; 3.366 ns                ;
; N/A                                     ; 279.33 MHz ( period = 3.580 ns )                    ; count[4]    ; count[1]  ; clk        ; clk      ; None                        ; None                      ; 3.366 ns                ;
; N/A                                     ; 279.33 MHz ( period = 3.580 ns )                    ; count[4]    ; count[3]  ; clk        ; clk      ; None                        ; None                      ; 3.366 ns                ;
; N/A                                     ; 279.33 MHz ( period = 3.580 ns )                    ; count[4]    ; count[5]  ; clk        ; clk      ; None                        ; None                      ; 3.366 ns                ;
; N/A                                     ; 279.33 MHz ( period = 3.580 ns )                    ; count[4]    ; count[6]  ; clk        ; clk      ; None                        ; None                      ; 3.366 ns                ;
; N/A                                     ; 279.33 MHz ( period = 3.580 ns )                    ; count[4]    ; count[13] ; clk        ; clk      ; None                        ; None                      ; 3.366 ns                ;
; N/A                                     ; 279.33 MHz ( period = 3.580 ns )                    ; count[4]    ; count[12] ; clk        ; clk      ; None                        ; None                      ; 3.366 ns                ;
; N/A                                     ; 279.33 MHz ( period = 3.580 ns )                    ; count[4]    ; count[8]  ; clk        ; clk      ; None                        ; None                      ; 3.366 ns                ;
; N/A                                     ; 279.33 MHz ( period = 3.580 ns )                    ; count[4]    ; count[11] ; clk        ; clk      ; None                        ; None                      ; 3.366 ns                ;
; N/A                                     ; 279.33 MHz ( period = 3.580 ns )                    ; count[4]    ; count[10] ; clk        ; clk      ; None                        ; None                      ; 3.366 ns                ;
; N/A                                     ; 279.33 MHz ( period = 3.580 ns )                    ; count[4]    ; count[9]  ; clk        ; clk      ; None                        ; None                      ; 3.366 ns                ;
; N/A                                     ; 279.33 MHz ( period = 3.580 ns )                    ; count[4]    ; count[2]  ; clk        ; clk      ; None                        ; None                      ; 3.366 ns                ;
; N/A                                     ; 279.33 MHz ( period = 3.580 ns )                    ; count[4]    ; count[7]  ; clk        ; clk      ; None                        ; None                      ; 3.366 ns                ;
; N/A                                     ; 279.64 MHz ( period = 3.576 ns )                    ; echoPrev    ; sendTrig  ; clk        ; clk      ; None                        ; None                      ; 3.361 ns                ;
; N/A                                     ; 280.19 MHz ( period = 3.569 ns )                    ; count[9]    ; count[0]  ; clk        ; clk      ; None                        ; None                      ; 3.355 ns                ;
; N/A                                     ; 280.19 MHz ( period = 3.569 ns )                    ; count[9]    ; count[4]  ; clk        ; clk      ; None                        ; None                      ; 3.355 ns                ;
; N/A                                     ; 280.19 MHz ( period = 3.569 ns )                    ; count[9]    ; count[1]  ; clk        ; clk      ; None                        ; None                      ; 3.355 ns                ;
; N/A                                     ; 280.19 MHz ( period = 3.569 ns )                    ; count[9]    ; count[3]  ; clk        ; clk      ; None                        ; None                      ; 3.355 ns                ;
; N/A                                     ; 280.19 MHz ( period = 3.569 ns )                    ; count[9]    ; count[5]  ; clk        ; clk      ; None                        ; None                      ; 3.355 ns                ;
; N/A                                     ; 280.19 MHz ( period = 3.569 ns )                    ; count[9]    ; count[6]  ; clk        ; clk      ; None                        ; None                      ; 3.355 ns                ;
; N/A                                     ; 280.19 MHz ( period = 3.569 ns )                    ; count[9]    ; count[13] ; clk        ; clk      ; None                        ; None                      ; 3.355 ns                ;
; N/A                                     ; 280.19 MHz ( period = 3.569 ns )                    ; count[9]    ; count[12] ; clk        ; clk      ; None                        ; None                      ; 3.355 ns                ;
; N/A                                     ; 280.19 MHz ( period = 3.569 ns )                    ; count[9]    ; count[8]  ; clk        ; clk      ; None                        ; None                      ; 3.355 ns                ;
; N/A                                     ; 280.19 MHz ( period = 3.569 ns )                    ; count[9]    ; count[11] ; clk        ; clk      ; None                        ; None                      ; 3.355 ns                ;
; N/A                                     ; 280.19 MHz ( period = 3.569 ns )                    ; count[9]    ; count[10] ; clk        ; clk      ; None                        ; None                      ; 3.355 ns                ;
; N/A                                     ; 280.19 MHz ( period = 3.569 ns )                    ; count[9]    ; count[9]  ; clk        ; clk      ; None                        ; None                      ; 3.355 ns                ;
; N/A                                     ; 280.19 MHz ( period = 3.569 ns )                    ; count[9]    ; count[2]  ; clk        ; clk      ; None                        ; None                      ; 3.355 ns                ;
; N/A                                     ; 280.19 MHz ( period = 3.569 ns )                    ; count[9]    ; count[7]  ; clk        ; clk      ; None                        ; None                      ; 3.355 ns                ;
; N/A                                     ; 280.43 MHz ( period = 3.566 ns )                    ; count[12]   ; count[0]  ; clk        ; clk      ; None                        ; None                      ; 3.352 ns                ;
; N/A                                     ; 280.43 MHz ( period = 3.566 ns )                    ; count[12]   ; count[4]  ; clk        ; clk      ; None                        ; None                      ; 3.352 ns                ;
; N/A                                     ; 280.43 MHz ( period = 3.566 ns )                    ; count[12]   ; count[1]  ; clk        ; clk      ; None                        ; None                      ; 3.352 ns                ;
; N/A                                     ; 280.43 MHz ( period = 3.566 ns )                    ; count[12]   ; count[3]  ; clk        ; clk      ; None                        ; None                      ; 3.352 ns                ;
; N/A                                     ; 280.43 MHz ( period = 3.566 ns )                    ; count[12]   ; count[5]  ; clk        ; clk      ; None                        ; None                      ; 3.352 ns                ;
; N/A                                     ; 280.43 MHz ( period = 3.566 ns )                    ; count[12]   ; count[6]  ; clk        ; clk      ; None                        ; None                      ; 3.352 ns                ;
; N/A                                     ; 280.43 MHz ( period = 3.566 ns )                    ; count[12]   ; count[13] ; clk        ; clk      ; None                        ; None                      ; 3.352 ns                ;
; N/A                                     ; 280.43 MHz ( period = 3.566 ns )                    ; count[12]   ; count[12] ; clk        ; clk      ; None                        ; None                      ; 3.352 ns                ;
; N/A                                     ; 280.43 MHz ( period = 3.566 ns )                    ; count[12]   ; count[8]  ; clk        ; clk      ; None                        ; None                      ; 3.352 ns                ;
; N/A                                     ; 280.43 MHz ( period = 3.566 ns )                    ; count[12]   ; count[11] ; clk        ; clk      ; None                        ; None                      ; 3.352 ns                ;
; N/A                                     ; 280.43 MHz ( period = 3.566 ns )                    ; count[12]   ; count[10] ; clk        ; clk      ; None                        ; None                      ; 3.352 ns                ;
; N/A                                     ; 280.43 MHz ( period = 3.566 ns )                    ; count[12]   ; count[9]  ; clk        ; clk      ; None                        ; None                      ; 3.352 ns                ;
; N/A                                     ; 280.43 MHz ( period = 3.566 ns )                    ; count[12]   ; count[2]  ; clk        ; clk      ; None                        ; None                      ; 3.352 ns                ;
; N/A                                     ; 280.43 MHz ( period = 3.566 ns )                    ; count[12]   ; count[7]  ; clk        ; clk      ; None                        ; None                      ; 3.352 ns                ;
; N/A                                     ; 284.41 MHz ( period = 3.516 ns )                    ; count[2]    ; count[0]  ; clk        ; clk      ; None                        ; None                      ; 3.302 ns                ;
; N/A                                     ; 284.41 MHz ( period = 3.516 ns )                    ; count[2]    ; count[4]  ; clk        ; clk      ; None                        ; None                      ; 3.302 ns                ;
; N/A                                     ; 284.41 MHz ( period = 3.516 ns )                    ; count[2]    ; count[1]  ; clk        ; clk      ; None                        ; None                      ; 3.302 ns                ;
; N/A                                     ; 284.41 MHz ( period = 3.516 ns )                    ; count[2]    ; count[3]  ; clk        ; clk      ; None                        ; None                      ; 3.302 ns                ;
; N/A                                     ; 284.41 MHz ( period = 3.516 ns )                    ; count[2]    ; count[5]  ; clk        ; clk      ; None                        ; None                      ; 3.302 ns                ;
; N/A                                     ; 284.41 MHz ( period = 3.516 ns )                    ; count[2]    ; count[6]  ; clk        ; clk      ; None                        ; None                      ; 3.302 ns                ;
; N/A                                     ; 284.41 MHz ( period = 3.516 ns )                    ; count[2]    ; count[13] ; clk        ; clk      ; None                        ; None                      ; 3.302 ns                ;
; N/A                                     ; 284.41 MHz ( period = 3.516 ns )                    ; count[2]    ; count[12] ; clk        ; clk      ; None                        ; None                      ; 3.302 ns                ;
; N/A                                     ; 284.41 MHz ( period = 3.516 ns )                    ; count[2]    ; count[8]  ; clk        ; clk      ; None                        ; None                      ; 3.302 ns                ;
; N/A                                     ; 284.41 MHz ( period = 3.516 ns )                    ; count[2]    ; count[11] ; clk        ; clk      ; None                        ; None                      ; 3.302 ns                ;
; N/A                                     ; 284.41 MHz ( period = 3.516 ns )                    ; count[2]    ; count[10] ; clk        ; clk      ; None                        ; None                      ; 3.302 ns                ;
; N/A                                     ; 284.41 MHz ( period = 3.516 ns )                    ; count[2]    ; count[9]  ; clk        ; clk      ; None                        ; None                      ; 3.302 ns                ;
; N/A                                     ; 284.41 MHz ( period = 3.516 ns )                    ; count[2]    ; count[2]  ; clk        ; clk      ; None                        ; None                      ; 3.302 ns                ;
; N/A                                     ; 284.41 MHz ( period = 3.516 ns )                    ; count[2]    ; count[7]  ; clk        ; clk      ; None                        ; None                      ; 3.302 ns                ;
; N/A                                     ; 288.10 MHz ( period = 3.471 ns )                    ; count[1]    ; count[0]  ; clk        ; clk      ; None                        ; None                      ; 3.257 ns                ;
; N/A                                     ; 288.10 MHz ( period = 3.471 ns )                    ; count[1]    ; count[4]  ; clk        ; clk      ; None                        ; None                      ; 3.257 ns                ;
; N/A                                     ; 288.10 MHz ( period = 3.471 ns )                    ; count[1]    ; count[1]  ; clk        ; clk      ; None                        ; None                      ; 3.257 ns                ;
; N/A                                     ; 288.10 MHz ( period = 3.471 ns )                    ; count[1]    ; count[3]  ; clk        ; clk      ; None                        ; None                      ; 3.257 ns                ;
; N/A                                     ; 288.10 MHz ( period = 3.471 ns )                    ; count[1]    ; count[5]  ; clk        ; clk      ; None                        ; None                      ; 3.257 ns                ;
; N/A                                     ; 288.10 MHz ( period = 3.471 ns )                    ; count[1]    ; count[6]  ; clk        ; clk      ; None                        ; None                      ; 3.257 ns                ;
; N/A                                     ; 288.10 MHz ( period = 3.471 ns )                    ; count[1]    ; count[13] ; clk        ; clk      ; None                        ; None                      ; 3.257 ns                ;
; N/A                                     ; 288.10 MHz ( period = 3.471 ns )                    ; count[1]    ; count[12] ; clk        ; clk      ; None                        ; None                      ; 3.257 ns                ;
; N/A                                     ; 288.10 MHz ( period = 3.471 ns )                    ; count[1]    ; count[8]  ; clk        ; clk      ; None                        ; None                      ; 3.257 ns                ;
; N/A                                     ; 288.10 MHz ( period = 3.471 ns )                    ; count[1]    ; count[11] ; clk        ; clk      ; None                        ; None                      ; 3.257 ns                ;
; N/A                                     ; 288.10 MHz ( period = 3.471 ns )                    ; count[1]    ; count[10] ; clk        ; clk      ; None                        ; None                      ; 3.257 ns                ;
; N/A                                     ; 288.10 MHz ( period = 3.471 ns )                    ; count[1]    ; count[9]  ; clk        ; clk      ; None                        ; None                      ; 3.257 ns                ;
; N/A                                     ; 288.10 MHz ( period = 3.471 ns )                    ; count[1]    ; count[2]  ; clk        ; clk      ; None                        ; None                      ; 3.257 ns                ;
; N/A                                     ; 288.10 MHz ( period = 3.471 ns )                    ; count[1]    ; count[7]  ; clk        ; clk      ; None                        ; None                      ; 3.257 ns                ;
; N/A                                     ; 288.18 MHz ( period = 3.470 ns )                    ; count[6]    ; count[10] ; clk        ; clk      ; None                        ; None                      ; 3.256 ns                ;
; N/A                                     ; 288.18 MHz ( period = 3.470 ns )                    ; count[6]    ; count[9]  ; clk        ; clk      ; None                        ; None                      ; 3.256 ns                ;
; N/A                                     ; 288.18 MHz ( period = 3.470 ns )                    ; count[6]    ; count[2]  ; clk        ; clk      ; None                        ; None                      ; 3.256 ns                ;
; Timing analysis restricted to 200 rows. ; To change the limit use Settings (Assignments menu) ;             ;           ;            ;          ;                             ;                           ;                         ;
+-----------------------------------------+-----------------------------------------------------+-------------+-----------+------------+----------+-----------------------------+---------------------------+-------------------------+


+-------------------------------------------------------------------+
; tsu                                                               ;
+-------+--------------+------------+------+-------------+----------+
; Slack ; Required tsu ; Actual tsu ; From ; To          ; To Clock ;
+-------+--------------+------------+------+-------------+----------+
; N/A   ; None         ; 1.697 ns   ; echo ; count[0]    ; clk      ;
; N/A   ; None         ; 1.697 ns   ; echo ; count[4]    ; clk      ;
; N/A   ; None         ; 1.697 ns   ; echo ; count[1]    ; clk      ;
; N/A   ; None         ; 1.697 ns   ; echo ; count[3]    ; clk      ;
; N/A   ; None         ; 1.697 ns   ; echo ; count[5]    ; clk      ;
; N/A   ; None         ; 1.697 ns   ; echo ; count[6]    ; clk      ;
; N/A   ; None         ; 1.697 ns   ; echo ; count[13]   ; clk      ;
; N/A   ; None         ; 1.697 ns   ; echo ; count[12]   ; clk      ;
; N/A   ; None         ; 1.697 ns   ; echo ; count[8]    ; clk      ;
; N/A   ; None         ; 1.697 ns   ; echo ; count[11]   ; clk      ;
; N/A   ; None         ; 1.697 ns   ; echo ; count[10]   ; clk      ;
; N/A   ; None         ; 1.697 ns   ; echo ; count[9]    ; clk      ;
; N/A   ; None         ; 1.697 ns   ; echo ; count[2]    ; clk      ;
; N/A   ; None         ; 1.697 ns   ; echo ; count[7]    ; clk      ;
; N/A   ; None         ; 1.216 ns   ; echo ; sendTrig    ; clk      ;
; N/A   ; None         ; -0.491 ns  ; echo ; echoCurrent ; clk      ;
+-------+--------------+------------+------+-------------+----------+


+-------------------------------------------------------------------+
; tco                                                               ;
+-------+--------------+------------+-----------+------+------------+
; Slack ; Required tco ; Actual tco ; From      ; To   ; From Clock ;
+-------+--------------+------------+-----------+------+------------+
; N/A   ; None         ; 7.708 ns   ; trig~reg0 ; trig ; clk        ;
+-------+--------------+------------+-----------+------+------------+


+-------------------------------------------------------------------------+
; th                                                                      ;
+---------------+-------------+-----------+------+-------------+----------+
; Minimum Slack ; Required th ; Actual th ; From ; To          ; To Clock ;
+---------------+-------------+-----------+------+-------------+----------+
; N/A           ; None        ; 0.721 ns  ; echo ; echoCurrent ; clk      ;
; N/A           ; None        ; -0.348 ns ; echo ; count[0]    ; clk      ;
; N/A           ; None        ; -0.348 ns ; echo ; count[4]    ; clk      ;
; N/A           ; None        ; -0.348 ns ; echo ; count[1]    ; clk      ;
; N/A           ; None        ; -0.348 ns ; echo ; count[3]    ; clk      ;
; N/A           ; None        ; -0.348 ns ; echo ; count[5]    ; clk      ;
; N/A           ; None        ; -0.348 ns ; echo ; count[6]    ; clk      ;
; N/A           ; None        ; -0.348 ns ; echo ; count[13]   ; clk      ;
; N/A           ; None        ; -0.348 ns ; echo ; count[12]   ; clk      ;
; N/A           ; None        ; -0.348 ns ; echo ; count[8]    ; clk      ;
; N/A           ; None        ; -0.348 ns ; echo ; count[11]   ; clk      ;
; N/A           ; None        ; -0.348 ns ; echo ; count[10]   ; clk      ;
; N/A           ; None        ; -0.348 ns ; echo ; count[9]    ; clk      ;
; N/A           ; None        ; -0.348 ns ; echo ; count[2]    ; clk      ;
; N/A           ; None        ; -0.348 ns ; echo ; count[7]    ; clk      ;
; N/A           ; None        ; -0.986 ns ; echo ; sendTrig    ; clk      ;
+---------------+-------------+-----------+------+-------------+----------+


+--------------------------+
; Timing Analyzer Messages ;
+--------------------------+
Info: *******************************************************************
Info: Running Quartus II Classic Timing Analyzer
    Info: Version 9.1 Build 350 03/24/2010 Service Pack 2 SJ Web Edition
    Info: Processing started: Tue May 08 12:50:38 2018
Info: Command: quartus_tan --read_settings_files=off --write_settings_files=off trigger -c trigger --timing_analysis_only
Warning: Found pins functioning as undefined clocks and/or memory enables
    Info: Assuming node "clk" is an undefined clock
Info: Clock "clk" has Internal fmax of 246.49 MHz between source register "echoPrev" and destination register "count[0]" (period= 4.057 ns)
    Info: + Longest register to register delay is 3.843 ns
        Info: 1: + IC(0.000 ns) + CELL(0.000 ns) = 0.000 ns; Loc. = LCFF_X62_Y20_N25; Fanout = 17; REG Node = 'echoPrev'
        Info: 2: + IC(0.572 ns) + CELL(0.388 ns) = 0.960 ns; Loc. = LCCOMB_X62_Y20_N18; Fanout = 1; COMB Node = 'count[3]~19'
        Info: 3: + IC(0.262 ns) + CELL(0.150 ns) = 1.372 ns; Loc. = LCCOMB_X62_Y20_N6; Fanout = 1; COMB Node = 'count[3]~20'
        Info: 4: + IC(0.656 ns) + CELL(0.393 ns) = 2.421 ns; Loc. = LCCOMB_X63_Y20_N28; Fanout = 2; COMB Node = 'count[3]~29'
        Info: 5: + IC(0.260 ns) + CELL(0.420 ns) = 3.101 ns; Loc. = LCCOMB_X63_Y20_N30; Fanout = 14; COMB Node = 'count[3]~30'
        Info: 6: + IC(0.232 ns) + CELL(0.510 ns) = 3.843 ns; Loc. = LCFF_X63_Y20_N1; Fanout = 5; REG Node = 'count[0]'
        Info: Total cell delay = 1.861 ns ( 48.43 % )
        Info: Total interconnect delay = 1.982 ns ( 51.57 % )
    Info: - Smallest clock skew is 0.000 ns
        Info: + Shortest clock path from clock "clk" to destination register is 2.688 ns
            Info: 1: + IC(0.000 ns) + CELL(0.999 ns) = 0.999 ns; Loc. = PIN_N2; Fanout = 1; CLK Node = 'clk'
            Info: 2: + IC(0.118 ns) + CELL(0.000 ns) = 1.117 ns; Loc. = CLKCTRL_G2; Fanout = 18; COMB Node = 'clk~clkctrl'
            Info: 3: + IC(1.034 ns) + CELL(0.537 ns) = 2.688 ns; Loc. = LCFF_X63_Y20_N1; Fanout = 5; REG Node = 'count[0]'
            Info: Total cell delay = 1.536 ns ( 57.14 % )
            Info: Total interconnect delay = 1.152 ns ( 42.86 % )
        Info: - Longest clock path from clock "clk" to source register is 2.688 ns
            Info: 1: + IC(0.000 ns) + CELL(0.999 ns) = 0.999 ns; Loc. = PIN_N2; Fanout = 1; CLK Node = 'clk'
            Info: 2: + IC(0.118 ns) + CELL(0.000 ns) = 1.117 ns; Loc. = CLKCTRL_G2; Fanout = 18; COMB Node = 'clk~clkctrl'
            Info: 3: + IC(1.034 ns) + CELL(0.537 ns) = 2.688 ns; Loc. = LCFF_X62_Y20_N25; Fanout = 17; REG Node = 'echoPrev'
            Info: Total cell delay = 1.536 ns ( 57.14 % )
            Info: Total interconnect delay = 1.152 ns ( 42.86 % )
    Info: + Micro clock to output delay of source is 0.250 ns
    Info: + Micro setup delay of destination is -0.036 ns
Info: tsu for register "count[0]" (data pin = "echo", clock pin = "clk") is 1.697 ns
    Info: + Longest pin to register delay is 4.421 ns
        Info: 1: + IC(0.000 ns) + CELL(0.999 ns) = 0.999 ns; Loc. = PIN_N25; Fanout = 3; PIN Node = 'echo'
        Info: 2: + IC(0.880 ns) + CELL(0.398 ns) = 2.277 ns; Loc. = LCCOMB_X62_Y20_N4; Fanout = 1; COMB Node = 'count[3]~28'
        Info: 3: + IC(0.447 ns) + CELL(0.275 ns) = 2.999 ns; Loc. = LCCOMB_X63_Y20_N28; Fanout = 2; COMB Node = 'count[3]~29'
        Info: 4: + IC(0.260 ns) + CELL(0.420 ns) = 3.679 ns; Loc. = LCCOMB_X63_Y20_N30; Fanout = 14; COMB Node = 'count[3]~30'
        Info: 5: + IC(0.232 ns) + CELL(0.510 ns) = 4.421 ns; Loc. = LCFF_X63_Y20_N1; Fanout = 5; REG Node = 'count[0]'
        Info: Total cell delay = 2.602 ns ( 58.86 % )
        Info: Total interconnect delay = 1.819 ns ( 41.14 % )
    Info: + Micro setup delay of destination is -0.036 ns
    Info: - Shortest clock path from clock "clk" to destination register is 2.688 ns
        Info: 1: + IC(0.000 ns) + CELL(0.999 ns) = 0.999 ns; Loc. = PIN_N2; Fanout = 1; CLK Node = 'clk'
        Info: 2: + IC(0.118 ns) + CELL(0.000 ns) = 1.117 ns; Loc. = CLKCTRL_G2; Fanout = 18; COMB Node = 'clk~clkctrl'
        Info: 3: + IC(1.034 ns) + CELL(0.537 ns) = 2.688 ns; Loc. = LCFF_X63_Y20_N1; Fanout = 5; REG Node = 'count[0]'
        Info: Total cell delay = 1.536 ns ( 57.14 % )
        Info: Total interconnect delay = 1.152 ns ( 42.86 % )
Info: tco from clock "clk" to destination pin "trig" through register "trig~reg0" is 7.708 ns
    Info: + Longest clock path from clock "clk" to source register is 2.687 ns
        Info: 1: + IC(0.000 ns) + CELL(0.999 ns) = 0.999 ns; Loc. = PIN_N2; Fanout = 1; CLK Node = 'clk'
        Info: 2: + IC(0.118 ns) + CELL(0.000 ns) = 1.117 ns; Loc. = CLKCTRL_G2; Fanout = 18; COMB Node = 'clk~clkctrl'
        Info: 3: + IC(1.033 ns) + CELL(0.537 ns) = 2.687 ns; Loc. = LCFF_X61_Y20_N9; Fanout = 2; REG Node = 'trig~reg0'
        Info: Total cell delay = 1.536 ns ( 57.16 % )
        Info: Total interconnect delay = 1.151 ns ( 42.84 % )
    Info: + Micro clock to output delay of source is 0.250 ns
    Info: + Longest register to pin delay is 4.771 ns
        Info: 1: + IC(0.000 ns) + CELL(0.000 ns) = 0.000 ns; Loc. = LCFF_X61_Y20_N9; Fanout = 2; REG Node = 'trig~reg0'
        Info: 2: + IC(1.963 ns) + CELL(2.808 ns) = 4.771 ns; Loc. = PIN_AE22; Fanout = 0; PIN Node = 'trig'
        Info: Total cell delay = 2.808 ns ( 58.86 % )
        Info: Total interconnect delay = 1.963 ns ( 41.14 % )
Info: th for register "echoCurrent" (data pin = "echo", clock pin = "clk") is 0.721 ns
    Info: + Longest clock path from clock "clk" to destination register is 2.688 ns
        Info: 1: + IC(0.000 ns) + CELL(0.999 ns) = 0.999 ns; Loc. = PIN_N2; Fanout = 1; CLK Node = 'clk'
        Info: 2: + IC(0.118 ns) + CELL(0.000 ns) = 1.117 ns; Loc. = CLKCTRL_G2; Fanout = 18; COMB Node = 'clk~clkctrl'
        Info: 3: + IC(1.034 ns) + CELL(0.537 ns) = 2.688 ns; Loc. = LCFF_X62_Y20_N3; Fanout = 18; REG Node = 'echoCurrent'
        Info: Total cell delay = 1.536 ns ( 57.14 % )
        Info: Total interconnect delay = 1.152 ns ( 42.86 % )
    Info: + Micro hold delay of destination is 0.266 ns
    Info: - Shortest pin to register delay is 2.233 ns
        Info: 1: + IC(0.000 ns) + CELL(0.999 ns) = 0.999 ns; Loc. = PIN_N25; Fanout = 3; PIN Node = 'echo'
        Info: 2: + IC(0.868 ns) + CELL(0.366 ns) = 2.233 ns; Loc. = LCFF_X62_Y20_N3; Fanout = 18; REG Node = 'echoCurrent'
        Info: Total cell delay = 1.365 ns ( 61.13 % )
        Info: Total interconnect delay = 0.868 ns ( 38.87 % )
Info: Quartus II Classic Timing Analyzer was successful. 0 errors, 1 warning
    Info: Peak virtual memory: 229 megabytes
    Info: Processing ended: Tue May 08 12:50:38 2018
    Info: Elapsed time: 00:00:00
    Info: Total CPU time (on all processors): 00:00:00


