Classic Timing Analyzer report for seven_vhdl
Fri Apr 13 22:20:40 2018
Quartus II Version 9.1 Build 350 03/24/2010 Service Pack 2 SJ Web Edition


---------------------
; Table of Contents ;
---------------------
  1. Legal Notice
  2. Timing Analyzer Summary
  3. Timing Analyzer Settings
  4. Parallel Compilation
  5. tpd
  6. Timing Analyzer Messages



----------------
; Legal Notice ;
----------------
Copyright (C) 1991-2010 Altera Corporation
Your use of Altera Corporation's design tools, logic functions 
and other software and tools, and its AMPP partner logic 
functions, and any output files from any of the foregoing 
(including device programming or simulation files), and any 
associated documentation or information are expressly subject 
to the terms and conditions of the Altera Program License 
Subscription Agreement, Altera MegaCore Function License 
Agreement, or other applicable license agreement, including, 
without limitation, that your use is for the sole purpose of 
programming logic devices manufactured by Altera and sold by 
Altera or its authorized distributors.  Please refer to the 
applicable agreement for further details.



+-----------------------------------------------------------------------------------------------------------------------+
; Timing Analyzer Summary                                                                                               ;
+------------------------------+-------+---------------+-------------+------+----+------------+----------+--------------+
; Type                         ; Slack ; Required Time ; Actual Time ; From ; To ; From Clock ; To Clock ; Failed Paths ;
+------------------------------+-------+---------------+-------------+------+----+------------+----------+--------------+
; Worst-case tpd               ; N/A   ; None          ; 7.328 ns    ; k    ; a  ; --         ; --       ; 0            ;
; Total number of failed paths ;       ;               ;             ;      ;    ;            ;          ; 0            ;
+------------------------------+-------+---------------+-------------+------+----+------------+----------+--------------+


+-----------------------------------------------------------------------------------------------------------------------------------------------------+
; Timing Analyzer Settings                                                                                                                            ;
+------------------------------------------------------------------------------------------------------+--------------------+------+----+-------------+
; Option                                                                                               ; Setting            ; From ; To ; Entity Name ;
+------------------------------------------------------------------------------------------------------+--------------------+------+----+-------------+
; Device Name                                                                                          ; EP2C35F672C6       ;      ;    ;             ;
; Timing Models                                                                                        ; Final              ;      ;    ;             ;
; Default hold multicycle                                                                              ; Same as Multicycle ;      ;    ;             ;
; Cut paths between unrelated clock domains                                                            ; On                 ;      ;    ;             ;
; Cut off read during write signal paths                                                               ; On                 ;      ;    ;             ;
; Cut off feedback from I/O pins                                                                       ; On                 ;      ;    ;             ;
; Report Combined Fast/Slow Timing                                                                     ; Off                ;      ;    ;             ;
; Ignore Clock Settings                                                                                ; Off                ;      ;    ;             ;
; Analyze latches as synchronous elements                                                              ; On                 ;      ;    ;             ;
; Enable Recovery/Removal analysis                                                                     ; Off                ;      ;    ;             ;
; Enable Clock Latency                                                                                 ; Off                ;      ;    ;             ;
; Use TimeQuest Timing Analyzer                                                                        ; Off                ;      ;    ;             ;
; Minimum Core Junction Temperature                                                                    ; 0                  ;      ;    ;             ;
; Maximum Core Junction Temperature                                                                    ; 85                 ;      ;    ;             ;
; Number of source nodes to report per destination node                                                ; 10                 ;      ;    ;             ;
; Number of destination nodes to report                                                                ; 10                 ;      ;    ;             ;
; Number of paths to report                                                                            ; 200                ;      ;    ;             ;
; Report Minimum Timing Checks                                                                         ; Off                ;      ;    ;             ;
; Use Fast Timing Models                                                                               ; Off                ;      ;    ;             ;
; Report IO Paths Separately                                                                           ; Off                ;      ;    ;             ;
; Perform Multicorner Analysis                                                                         ; On                 ;      ;    ;             ;
; Reports the worst-case path for each clock domain and analysis                                       ; Off                ;      ;    ;             ;
; Reports worst-case timing paths for each clock domain and analysis                                   ; On                 ;      ;    ;             ;
; Specifies the maximum number of worst-case timing paths to report for each clock domain and analysis ; 100                ;      ;    ;             ;
; Removes common clock path pessimism (CCPP) during slack computation                                  ; Off                ;      ;    ;             ;
; Output I/O Timing Endpoint                                                                           ; Near End           ;      ;    ;             ;
+------------------------------------------------------------------------------------------------------+--------------------+------+----+-------------+


Parallel compilation was disabled, but you have multiple processors available. Enable parallel compilation to reduce compilation time.
+-------------------------------------+
; Parallel Compilation                ;
+----------------------------+--------+
; Processors                 ; Number ;
+----------------------------+--------+
; Number detected on machine ; 2      ;
; Maximum allowed            ; 1      ;
+----------------------------+--------+


+---------------------------------------------------------+
; tpd                                                     ;
+-------+-------------------+-----------------+------+----+
; Slack ; Required P2P Time ; Actual P2P Time ; From ; To ;
+-------+-------------------+-----------------+------+----+
; N/A   ; None              ; 7.328 ns        ; k    ; a  ;
; N/A   ; None              ; 7.315 ns        ; j    ; e  ;
; N/A   ; None              ; 7.314 ns        ; j    ; c  ;
; N/A   ; None              ; 7.306 ns        ; k    ; c  ;
; N/A   ; None              ; 7.301 ns        ; k    ; d  ;
; N/A   ; None              ; 7.298 ns        ; j    ; a  ;
; N/A   ; None              ; 7.297 ns        ; k    ; e  ;
; N/A   ; None              ; 7.297 ns        ; j    ; b  ;
; N/A   ; None              ; 7.288 ns        ; j    ; f  ;
; N/A   ; None              ; 7.286 ns        ; j    ; d  ;
; N/A   ; None              ; 7.278 ns        ; k    ; f  ;
; N/A   ; None              ; 7.278 ns        ; k    ; b  ;
; N/A   ; None              ; 7.063 ns        ; k    ; g  ;
; N/A   ; None              ; 7.047 ns        ; j    ; g  ;
; N/A   ; None              ; 6.879 ns        ; i    ; a  ;
; N/A   ; None              ; 6.860 ns        ; i    ; c  ;
; N/A   ; None              ; 6.859 ns        ; i    ; e  ;
; N/A   ; None              ; 6.851 ns        ; i    ; d  ;
; N/A   ; None              ; 6.843 ns        ; i    ; b  ;
; N/A   ; None              ; 6.828 ns        ; i    ; f  ;
; N/A   ; None              ; 6.613 ns        ; i    ; g  ;
; N/A   ; None              ; 6.170 ns        ; h    ; c  ;
; N/A   ; None              ; 6.163 ns        ; h    ; e  ;
; N/A   ; None              ; 6.152 ns        ; h    ; b  ;
; N/A   ; None              ; 6.135 ns        ; h    ; a  ;
; N/A   ; None              ; 6.107 ns        ; h    ; d  ;
; N/A   ; None              ; 6.091 ns        ; h    ; f  ;
; N/A   ; None              ; 5.869 ns        ; h    ; g  ;
+-------+-------------------+-----------------+------+----+


+--------------------------+
; Timing Analyzer Messages ;
+--------------------------+
Info: *******************************************************************
Info: Running Quartus II Classic Timing Analyzer
    Info: Version 9.1 Build 350 03/24/2010 Service Pack 2 SJ Web Edition
    Info: Processing started: Fri Apr 13 22:20:40 2018
Info: Command: quartus_tan --read_settings_files=off --write_settings_files=off seven_vhdl -c seven_vhdl --timing_analysis_only
Info: Longest tpd from source pin "k" to destination pin "a" is 7.328 ns
    Info: 1: + IC(0.000 ns) + CELL(0.999 ns) = 0.999 ns; Loc. = PIN_N25; Fanout = 7; PIN Node = 'k'
    Info: 2: + IC(2.379 ns) + CELL(0.275 ns) = 3.653 ns; Loc. = LCCOMB_X29_Y3_N24; Fanout = 1; COMB Node = 'a~0'
    Info: 3: + IC(0.877 ns) + CELL(2.798 ns) = 7.328 ns; Loc. = PIN_AF10; Fanout = 0; PIN Node = 'a'
    Info: Total cell delay = 4.072 ns ( 55.57 % )
    Info: Total interconnect delay = 3.256 ns ( 44.43 % )
Info: Quartus II Classic Timing Analyzer was successful. 0 errors, 0 warnings
    Info: Peak virtual memory: 229 megabytes
    Info: Processing ended: Fri Apr 13 22:20:40 2018
    Info: Elapsed time: 00:00:00
    Info: Total CPU time (on all processors): 00:00:00


