Classic Timing Analyzer report for ripple_adder
Fri Apr 06 09:15:59 2018
Quartus II Version 9.1 Build 350 03/24/2010 Service Pack 2 SJ Web Edition


---------------------
; Table of Contents ;
---------------------
  1. Legal Notice
  2. Timing Analyzer Summary
  3. Timing Analyzer Settings
  4. Parallel Compilation
  5. tpd
  6. Timing Analyzer Messages



----------------
; Legal Notice ;
----------------
Copyright (C) 1991-2010 Altera Corporation
Your use of Altera Corporation's design tools, logic functions 
and other software and tools, and its AMPP partner logic 
functions, and any output files from any of the foregoing 
(including device programming or simulation files), and any 
associated documentation or information are expressly subject 
to the terms and conditions of the Altera Program License 
Subscription Agreement, Altera MegaCore Function License 
Agreement, or other applicable license agreement, including, 
without limitation, that your use is for the sole purpose of 
programming logic devices manufactured by Altera and sold by 
Altera or its authorized distributors.  Please refer to the 
applicable agreement for further details.



+-----------------------------------------------------------------------------------------------------------------------+
; Timing Analyzer Summary                                                                                               ;
+------------------------------+-------+---------------+-------------+------+----+------------+----------+--------------+
; Type                         ; Slack ; Required Time ; Actual Time ; From ; To ; From Clock ; To Clock ; Failed Paths ;
+------------------------------+-------+---------------+-------------+------+----+------------+----------+--------------+
; Worst-case tpd               ; N/A   ; None          ; 13.853 ns   ; Cin  ; s1 ; --         ; --       ; 0            ;
; Total number of failed paths ;       ;               ;             ;      ;    ;            ;          ; 0            ;
+------------------------------+-------+---------------+-------------+------+----+------------+----------+--------------+


+-----------------------------------------------------------------------------------------------------------------------------------------------------+
; Timing Analyzer Settings                                                                                                                            ;
+------------------------------------------------------------------------------------------------------+--------------------+------+----+-------------+
; Option                                                                                               ; Setting            ; From ; To ; Entity Name ;
+------------------------------------------------------------------------------------------------------+--------------------+------+----+-------------+
; Device Name                                                                                          ; EP2C35F672C6       ;      ;    ;             ;
; Timing Models                                                                                        ; Final              ;      ;    ;             ;
; Default hold multicycle                                                                              ; Same as Multicycle ;      ;    ;             ;
; Cut paths between unrelated clock domains                                                            ; On                 ;      ;    ;             ;
; Cut off read during write signal paths                                                               ; On                 ;      ;    ;             ;
; Cut off feedback from I/O pins                                                                       ; On                 ;      ;    ;             ;
; Report Combined Fast/Slow Timing                                                                     ; Off                ;      ;    ;             ;
; Ignore Clock Settings                                                                                ; Off                ;      ;    ;             ;
; Analyze latches as synchronous elements                                                              ; On                 ;      ;    ;             ;
; Enable Recovery/Removal analysis                                                                     ; Off                ;      ;    ;             ;
; Enable Clock Latency                                                                                 ; Off                ;      ;    ;             ;
; Use TimeQuest Timing Analyzer                                                                        ; Off                ;      ;    ;             ;
; Minimum Core Junction Temperature                                                                    ; 0                  ;      ;    ;             ;
; Maximum Core Junction Temperature                                                                    ; 85                 ;      ;    ;             ;
; Number of source nodes to report per destination node                                                ; 10                 ;      ;    ;             ;
; Number of destination nodes to report                                                                ; 10                 ;      ;    ;             ;
; Number of paths to report                                                                            ; 200                ;      ;    ;             ;
; Report Minimum Timing Checks                                                                         ; Off                ;      ;    ;             ;
; Use Fast Timing Models                                                                               ; Off                ;      ;    ;             ;
; Report IO Paths Separately                                                                           ; Off                ;      ;    ;             ;
; Perform Multicorner Analysis                                                                         ; On                 ;      ;    ;             ;
; Reports the worst-case path for each clock domain and analysis                                       ; Off                ;      ;    ;             ;
; Reports worst-case timing paths for each clock domain and analysis                                   ; On                 ;      ;    ;             ;
; Specifies the maximum number of worst-case timing paths to report for each clock domain and analysis ; 100                ;      ;    ;             ;
; Removes common clock path pessimism (CCPP) during slack computation                                  ; Off                ;      ;    ;             ;
; Output I/O Timing Endpoint                                                                           ; Near End           ;      ;    ;             ;
+------------------------------------------------------------------------------------------------------+--------------------+------+----+-------------+


Parallel compilation was disabled, but you have multiple processors available. Enable parallel compilation to reduce compilation time.
+-------------------------------------+
; Parallel Compilation                ;
+----------------------------+--------+
; Processors                 ; Number ;
+----------------------------+--------+
; Number detected on machine ; 2      ;
; Maximum allowed            ; 1      ;
+----------------------------+--------+


+-----------------------------------------------------------+
; tpd                                                       ;
+-------+-------------------+-----------------+------+------+
; Slack ; Required P2P Time ; Actual P2P Time ; From ; To   ;
+-------+-------------------+-----------------+------+------+
; N/A   ; None              ; 13.853 ns       ; Cin  ; s1   ;
; N/A   ; None              ; 13.568 ns       ; b1   ; s1   ;
; N/A   ; None              ; 13.458 ns       ; a1   ; s1   ;
; N/A   ; None              ; 12.377 ns       ; a2   ; s3   ;
; N/A   ; None              ; 12.364 ns       ; a2   ; Cout ;
; N/A   ; None              ; 12.268 ns       ; b2   ; s3   ;
; N/A   ; None              ; 12.255 ns       ; b2   ; Cout ;
; N/A   ; None              ; 11.993 ns       ; b1   ; s3   ;
; N/A   ; None              ; 11.980 ns       ; b1   ; Cout ;
; N/A   ; None              ; 11.973 ns       ; Cin  ; s3   ;
; N/A   ; None              ; 11.960 ns       ; Cin  ; Cout ;
; N/A   ; None              ; 11.879 ns       ; a1   ; s3   ;
; N/A   ; None              ; 11.866 ns       ; a1   ; Cout ;
; N/A   ; None              ; 11.751 ns       ; a2   ; s2   ;
; N/A   ; None              ; 11.643 ns       ; b2   ; s2   ;
; N/A   ; None              ; 11.636 ns       ; b3   ; s3   ;
; N/A   ; None              ; 11.622 ns       ; b3   ; Cout ;
; N/A   ; None              ; 11.527 ns       ; Cin  ; s0   ;
; N/A   ; None              ; 11.363 ns       ; b1   ; s2   ;
; N/A   ; None              ; 11.345 ns       ; Cin  ; s2   ;
; N/A   ; None              ; 11.248 ns       ; a1   ; s2   ;
; N/A   ; None              ; 10.965 ns       ; a3   ; s3   ;
; N/A   ; None              ; 10.947 ns       ; a3   ; Cout ;
; N/A   ; None              ; 10.397 ns       ; a0   ; s1   ;
; N/A   ; None              ; 10.092 ns       ; b0   ; s1   ;
; N/A   ; None              ; 8.517 ns        ; a0   ; s3   ;
; N/A   ; None              ; 8.504 ns        ; a0   ; Cout ;
; N/A   ; None              ; 8.212 ns        ; b0   ; s3   ;
; N/A   ; None              ; 8.199 ns        ; b0   ; Cout ;
; N/A   ; None              ; 8.075 ns        ; a0   ; s0   ;
; N/A   ; None              ; 7.889 ns        ; a0   ; s2   ;
; N/A   ; None              ; 7.769 ns        ; b0   ; s0   ;
; N/A   ; None              ; 7.584 ns        ; b0   ; s2   ;
+-------+-------------------+-----------------+------+------+


+--------------------------+
; Timing Analyzer Messages ;
+--------------------------+
Info: *******************************************************************
Info: Running Quartus II Classic Timing Analyzer
    Info: Version 9.1 Build 350 03/24/2010 Service Pack 2 SJ Web Edition
    Info: Processing started: Fri Apr 06 09:15:59 2018
Info: Command: quartus_tan --read_settings_files=off --write_settings_files=off ripple_adder -c ripple_adder --timing_analysis_only
Info: Longest tpd from source pin "Cin" to destination pin "s1" is 13.853 ns
    Info: 1: + IC(0.000 ns) + CELL(0.840 ns) = 0.840 ns; Loc. = PIN_D12; Fanout = 2; PIN Node = 'Cin'
    Info: 2: + IC(5.330 ns) + CELL(0.420 ns) = 6.590 ns; Loc. = LCCOMB_X24_Y21_N10; Fanout = 3; COMB Node = 'full_add:U1|or_function:U3|y~0'
    Info: 3: + IC(0.279 ns) + CELL(0.438 ns) = 7.307 ns; Loc. = LCCOMB_X24_Y21_N4; Fanout = 1; COMB Node = 'full_add:U2|half_adder:U2|s'
    Info: 4: + IC(3.874 ns) + CELL(2.672 ns) = 13.853 ns; Loc. = PIN_B24; Fanout = 0; PIN Node = 's1'
    Info: Total cell delay = 4.370 ns ( 31.55 % )
    Info: Total interconnect delay = 9.483 ns ( 68.45 % )
Info: Quartus II Classic Timing Analyzer was successful. 0 errors, 0 warnings
    Info: Peak virtual memory: 229 megabytes
    Info: Processing ended: Fri Apr 06 09:15:59 2018
    Info: Elapsed time: 00:00:00
    Info: Total CPU time (on all processors): 00:00:00


