Classic Timing Analyzer report for lab_two
Mon Feb 19 23:37:38 2018
Quartus II Version 9.1 Build 350 03/24/2010 Service Pack 2 SJ Web Edition


---------------------
; Table of Contents ;
---------------------
  1. Legal Notice
  2. Timing Analyzer Summary
  3. Timing Analyzer Settings
  4. Parallel Compilation
  5. tpd
  6. Timing Analyzer Messages



----------------
; Legal Notice ;
----------------
Copyright (C) 1991-2010 Altera Corporation
Your use of Altera Corporation's design tools, logic functions 
and other software and tools, and its AMPP partner logic 
functions, and any output files from any of the foregoing 
(including device programming or simulation files), and any 
associated documentation or information are expressly subject 
to the terms and conditions of the Altera Program License 
Subscription Agreement, Altera MegaCore Function License 
Agreement, or other applicable license agreement, including, 
without limitation, that your use is for the sole purpose of 
programming logic devices manufactured by Altera and sold by 
Altera or its authorized distributors.  Please refer to the 
applicable agreement for further details.



+-----------------------------------------------------------------------------------------------------------------------+
; Timing Analyzer Summary                                                                                               ;
+------------------------------+-------+---------------+-------------+------+----+------------+----------+--------------+
; Type                         ; Slack ; Required Time ; Actual Time ; From ; To ; From Clock ; To Clock ; Failed Paths ;
+------------------------------+-------+---------------+-------------+------+----+------------+----------+--------------+
; Worst-case tpd               ; N/A   ; None          ; 12.307 ns   ; j    ; c  ; --         ; --       ; 0            ;
; Total number of failed paths ;       ;               ;             ;      ;    ;            ;          ; 0            ;
+------------------------------+-------+---------------+-------------+------+----+------------+----------+--------------+


+-----------------------------------------------------------------------------------------------------------------------------------------------------+
; Timing Analyzer Settings                                                                                                                            ;
+------------------------------------------------------------------------------------------------------+--------------------+------+----+-------------+
; Option                                                                                               ; Setting            ; From ; To ; Entity Name ;
+------------------------------------------------------------------------------------------------------+--------------------+------+----+-------------+
; Device Name                                                                                          ; EP2C35F672C6       ;      ;    ;             ;
; Timing Models                                                                                        ; Final              ;      ;    ;             ;
; Default hold multicycle                                                                              ; Same as Multicycle ;      ;    ;             ;
; Cut paths between unrelated clock domains                                                            ; On                 ;      ;    ;             ;
; Cut off read during write signal paths                                                               ; On                 ;      ;    ;             ;
; Cut off feedback from I/O pins                                                                       ; On                 ;      ;    ;             ;
; Report Combined Fast/Slow Timing                                                                     ; Off                ;      ;    ;             ;
; Ignore Clock Settings                                                                                ; Off                ;      ;    ;             ;
; Analyze latches as synchronous elements                                                              ; On                 ;      ;    ;             ;
; Enable Recovery/Removal analysis                                                                     ; Off                ;      ;    ;             ;
; Enable Clock Latency                                                                                 ; Off                ;      ;    ;             ;
; Use TimeQuest Timing Analyzer                                                                        ; Off                ;      ;    ;             ;
; Minimum Core Junction Temperature                                                                    ; 0                  ;      ;    ;             ;
; Maximum Core Junction Temperature                                                                    ; 85                 ;      ;    ;             ;
; Number of source nodes to report per destination node                                                ; 10                 ;      ;    ;             ;
; Number of destination nodes to report                                                                ; 10                 ;      ;    ;             ;
; Number of paths to report                                                                            ; 200                ;      ;    ;             ;
; Report Minimum Timing Checks                                                                         ; Off                ;      ;    ;             ;
; Use Fast Timing Models                                                                               ; Off                ;      ;    ;             ;
; Report IO Paths Separately                                                                           ; Off                ;      ;    ;             ;
; Perform Multicorner Analysis                                                                         ; On                 ;      ;    ;             ;
; Reports the worst-case path for each clock domain and analysis                                       ; Off                ;      ;    ;             ;
; Reports worst-case timing paths for each clock domain and analysis                                   ; On                 ;      ;    ;             ;
; Specifies the maximum number of worst-case timing paths to report for each clock domain and analysis ; 100                ;      ;    ;             ;
; Removes common clock path pessimism (CCPP) during slack computation                                  ; Off                ;      ;    ;             ;
; Output I/O Timing Endpoint                                                                           ; Near End           ;      ;    ;             ;
+------------------------------------------------------------------------------------------------------+--------------------+------+----+-------------+


Parallel compilation was disabled, but you have multiple processors available. Enable parallel compilation to reduce compilation time.
+-------------------------------------+
; Parallel Compilation                ;
+----------------------------+--------+
; Processors                 ; Number ;
+----------------------------+--------+
; Number detected on machine ; 2      ;
; Maximum allowed            ; 1      ;
+----------------------------+--------+


+---------------------------------------------------------+
; tpd                                                     ;
+-------+-------------------+-----------------+------+----+
; Slack ; Required P2P Time ; Actual P2P Time ; From ; To ;
+-------+-------------------+-----------------+------+----+
; N/A   ; None              ; 12.307 ns       ; j    ; c  ;
; N/A   ; None              ; 12.270 ns       ; j    ; e  ;
; N/A   ; None              ; 12.234 ns       ; j    ; g  ;
; N/A   ; None              ; 11.660 ns       ; h    ; c  ;
; N/A   ; None              ; 11.634 ns       ; j    ; a  ;
; N/A   ; None              ; 11.627 ns       ; h    ; e  ;
; N/A   ; None              ; 11.591 ns       ; h    ; g  ;
; N/A   ; None              ; 11.129 ns       ; j    ; d  ;
; N/A   ; None              ; 11.044 ns       ; j    ; b  ;
; N/A   ; None              ; 11.025 ns       ; j    ; f  ;
; N/A   ; None              ; 10.991 ns       ; h    ; a  ;
; N/A   ; None              ; 10.486 ns       ; h    ; d  ;
; N/A   ; None              ; 10.404 ns       ; h    ; b  ;
; N/A   ; None              ; 10.382 ns       ; h    ; f  ;
; N/A   ; None              ; 8.057 ns        ; i    ; c  ;
; N/A   ; None              ; 8.020 ns        ; i    ; e  ;
; N/A   ; None              ; 7.995 ns        ; k    ; c  ;
; N/A   ; None              ; 7.960 ns        ; k    ; e  ;
; N/A   ; None              ; 7.953 ns        ; i    ; g  ;
; N/A   ; None              ; 7.920 ns        ; k    ; g  ;
; N/A   ; None              ; 7.384 ns        ; i    ; a  ;
; N/A   ; None              ; 7.319 ns        ; k    ; a  ;
; N/A   ; None              ; 6.879 ns        ; i    ; d  ;
; N/A   ; None              ; 6.814 ns        ; k    ; d  ;
; N/A   ; None              ; 6.803 ns        ; i    ; b  ;
; N/A   ; None              ; 6.743 ns        ; i    ; f  ;
; N/A   ; None              ; 6.734 ns        ; k    ; b  ;
; N/A   ; None              ; 6.711 ns        ; k    ; f  ;
+-------+-------------------+-----------------+------+----+


+--------------------------+
; Timing Analyzer Messages ;
+--------------------------+
Info: *******************************************************************
Info: Running Quartus II Classic Timing Analyzer
    Info: Version 9.1 Build 350 03/24/2010 Service Pack 2 SJ Web Edition
    Info: Processing started: Mon Feb 19 23:37:38 2018
Info: Command: quartus_tan --read_settings_files=off --write_settings_files=off lab_two -c lab_two --timing_analysis_only
Info: Longest tpd from source pin "j" to destination pin "c" is 12.307 ns
    Info: 1: + IC(0.000 ns) + CELL(0.872 ns) = 0.872 ns; Loc. = PIN_D25; Fanout = 7; PIN Node = 'j'
    Info: 2: + IC(6.016 ns) + CELL(0.150 ns) = 7.038 ns; Loc. = LCCOMB_X27_Y25_N12; Fanout = 1; COMB Node = 'c~0'
    Info: 3: + IC(2.471 ns) + CELL(2.798 ns) = 12.307 ns; Loc. = PIN_AD11; Fanout = 0; PIN Node = 'c'
    Info: Total cell delay = 3.820 ns ( 31.04 % )
    Info: Total interconnect delay = 8.487 ns ( 68.96 % )
Info: Quartus II Classic Timing Analyzer was successful. 0 errors, 0 warnings
    Info: Peak virtual memory: 225 megabytes
    Info: Processing ended: Mon Feb 19 23:37:38 2018
    Info: Elapsed time: 00:00:00
    Info: Total CPU time (on all processors): 00:00:00


