Classic Timing Analyzer report for counter_seven
Fri Mar 09 09:25:34 2018
Quartus II Version 9.1 Build 350 03/24/2010 Service Pack 2 SJ Web Edition


---------------------
; Table of Contents ;
---------------------
  1. Legal Notice
  2. Timing Analyzer Summary
  3. Timing Analyzer Settings
  4. Clock Settings Summary
  5. Parallel Compilation
  6. Clock Setup: 'x'
  7. tco
  8. Timing Analyzer Messages



----------------
; Legal Notice ;
----------------
Copyright (C) 1991-2010 Altera Corporation
Your use of Altera Corporation's design tools, logic functions 
and other software and tools, and its AMPP partner logic 
functions, and any output files from any of the foregoing 
(including device programming or simulation files), and any 
associated documentation or information are expressly subject 
to the terms and conditions of the Altera Program License 
Subscription Agreement, Altera MegaCore Function License 
Agreement, or other applicable license agreement, including, 
without limitation, that your use is for the sole purpose of 
programming logic devices manufactured by Altera and sold by 
Altera or its authorized distributors.  Please refer to the 
applicable agreement for further details.



+------------------------------------------------------------------------------------------------------------------------------------------------------------+
; Timing Analyzer Summary                                                                                                                                    ;
+------------------------------+-------+---------------+------------------------------------------------+------+------+------------+----------+--------------+
; Type                         ; Slack ; Required Time ; Actual Time                                    ; From ; To   ; From Clock ; To Clock ; Failed Paths ;
+------------------------------+-------+---------------+------------------------------------------------+------+------+------------+----------+--------------+
; Worst-case tco               ; N/A   ; None          ; 7.789 ns                                       ; c[2] ; y[0] ; x          ; --       ; 0            ;
; Clock Setup: 'x'             ; N/A   ; None          ; Restricted to 420.17 MHz ( period = 2.380 ns ) ; c[2] ; c[3] ; x          ; x        ; 0            ;
; Total number of failed paths ;       ;               ;                                                ;      ;      ;            ;          ; 0            ;
+------------------------------+-------+---------------+------------------------------------------------+------+------+------------+----------+--------------+


+-----------------------------------------------------------------------------------------------------------------------------------------------------+
; Timing Analyzer Settings                                                                                                                            ;
+------------------------------------------------------------------------------------------------------+--------------------+------+----+-------------+
; Option                                                                                               ; Setting            ; From ; To ; Entity Name ;
+------------------------------------------------------------------------------------------------------+--------------------+------+----+-------------+
; Device Name                                                                                          ; EP2C35F672C6       ;      ;    ;             ;
; Timing Models                                                                                        ; Final              ;      ;    ;             ;
; Default hold multicycle                                                                              ; Same as Multicycle ;      ;    ;             ;
; Cut paths between unrelated clock domains                                                            ; On                 ;      ;    ;             ;
; Cut off read during write signal paths                                                               ; On                 ;      ;    ;             ;
; Cut off feedback from I/O pins                                                                       ; On                 ;      ;    ;             ;
; Report Combined Fast/Slow Timing                                                                     ; Off                ;      ;    ;             ;
; Ignore Clock Settings                                                                                ; Off                ;      ;    ;             ;
; Analyze latches as synchronous elements                                                              ; On                 ;      ;    ;             ;
; Enable Recovery/Removal analysis                                                                     ; Off                ;      ;    ;             ;
; Enable Clock Latency                                                                                 ; Off                ;      ;    ;             ;
; Use TimeQuest Timing Analyzer                                                                        ; Off                ;      ;    ;             ;
; Minimum Core Junction Temperature                                                                    ; 0                  ;      ;    ;             ;
; Maximum Core Junction Temperature                                                                    ; 85                 ;      ;    ;             ;
; Number of source nodes to report per destination node                                                ; 10                 ;      ;    ;             ;
; Number of destination nodes to report                                                                ; 10                 ;      ;    ;             ;
; Number of paths to report                                                                            ; 200                ;      ;    ;             ;
; Report Minimum Timing Checks                                                                         ; Off                ;      ;    ;             ;
; Use Fast Timing Models                                                                               ; Off                ;      ;    ;             ;
; Report IO Paths Separately                                                                           ; Off                ;      ;    ;             ;
; Perform Multicorner Analysis                                                                         ; On                 ;      ;    ;             ;
; Reports the worst-case path for each clock domain and analysis                                       ; Off                ;      ;    ;             ;
; Reports worst-case timing paths for each clock domain and analysis                                   ; On                 ;      ;    ;             ;
; Specifies the maximum number of worst-case timing paths to report for each clock domain and analysis ; 100                ;      ;    ;             ;
; Removes common clock path pessimism (CCPP) during slack computation                                  ; Off                ;      ;    ;             ;
; Output I/O Timing Endpoint                                                                           ; Near End           ;      ;    ;             ;
+------------------------------------------------------------------------------------------------------+--------------------+------+----+-------------+


+------------------------------------------------------------------------------------------------------------------------------------------------------------------------------------+
; Clock Settings Summary                                                                                                                                                             ;
+-----------------+--------------------+----------+------------------+---------------+--------------+----------+-----------------------+---------------------+--------+--------------+
; Clock Node Name ; Clock Setting Name ; Type     ; Fmax Requirement ; Early Latency ; Late Latency ; Based on ; Multiply Base Fmax by ; Divide Base Fmax by ; Offset ; Phase offset ;
+-----------------+--------------------+----------+------------------+---------------+--------------+----------+-----------------------+---------------------+--------+--------------+
; x               ;                    ; User Pin ; None             ; 0.000 ns      ; 0.000 ns     ; --       ; N/A                   ; N/A                 ; N/A    ;              ;
+-----------------+--------------------+----------+------------------+---------------+--------------+----------+-----------------------+---------------------+--------+--------------+


Parallel compilation was disabled, but you have multiple processors available. Enable parallel compilation to reduce compilation time.
+-------------------------------------+
; Parallel Compilation                ;
+----------------------------+--------+
; Processors                 ; Number ;
+----------------------------+--------+
; Number detected on machine ; 2      ;
; Maximum allowed            ; 1      ;
+----------------------------+--------+


+----------------------------------------------------------------------------------------------------------------------------------------------------------------------------------+
; Clock Setup: 'x'                                                                                                                                                                 ;
+-------+------------------------------------------------+------+------+------------+----------+-----------------------------+---------------------------+-------------------------+
; Slack ; Actual fmax (period)                           ; From ; To   ; From Clock ; To Clock ; Required Setup Relationship ; Required Longest P2P Time ; Actual Longest P2P Time ;
+-------+------------------------------------------------+------+------+------------+----------+-----------------------------+---------------------------+-------------------------+
; N/A   ; Restricted to 420.17 MHz ( period = 2.380 ns ) ; c[2] ; c[3] ; x          ; x        ; None                        ; None                      ; 0.881 ns                ;
; N/A   ; Restricted to 420.17 MHz ( period = 2.380 ns ) ; c[0] ; c[2] ; x          ; x        ; None                        ; None                      ; 0.829 ns                ;
; N/A   ; Restricted to 420.17 MHz ( period = 2.380 ns ) ; c[0] ; c[3] ; x          ; x        ; None                        ; None                      ; 0.827 ns                ;
; N/A   ; Restricted to 420.17 MHz ( period = 2.380 ns ) ; c[1] ; c[2] ; x          ; x        ; None                        ; None                      ; 0.576 ns                ;
; N/A   ; Restricted to 420.17 MHz ( period = 2.380 ns ) ; c[1] ; c[3] ; x          ; x        ; None                        ; None                      ; 0.574 ns                ;
; N/A   ; Restricted to 420.17 MHz ( period = 2.380 ns ) ; c[0] ; c[1] ; x          ; x        ; None                        ; None                      ; 0.555 ns                ;
; N/A   ; Restricted to 420.17 MHz ( period = 2.380 ns ) ; c[0] ; c[0] ; x          ; x        ; None                        ; None                      ; 0.407 ns                ;
; N/A   ; Restricted to 420.17 MHz ( period = 2.380 ns ) ; c[1] ; c[1] ; x          ; x        ; None                        ; None                      ; 0.407 ns                ;
; N/A   ; Restricted to 420.17 MHz ( period = 2.380 ns ) ; c[2] ; c[2] ; x          ; x        ; None                        ; None                      ; 0.407 ns                ;
; N/A   ; Restricted to 420.17 MHz ( period = 2.380 ns ) ; c[3] ; c[3] ; x          ; x        ; None                        ; None                      ; 0.407 ns                ;
+-------+------------------------------------------------+------+------+------------+----------+-----------------------------+---------------------------+-------------------------+


+--------------------------------------------------------------+
; tco                                                          ;
+-------+--------------+------------+------+------+------------+
; Slack ; Required tco ; Actual tco ; From ; To   ; From Clock ;
+-------+--------------+------------+------+------+------------+
; N/A   ; None         ; 7.789 ns   ; c[2] ; y[0] ; x          ;
; N/A   ; None         ; 7.763 ns   ; c[2] ; y[1] ; x          ;
; N/A   ; None         ; 7.747 ns   ; c[2] ; y[2] ; x          ;
; N/A   ; None         ; 7.547 ns   ; c[2] ; y[4] ; x          ;
; N/A   ; None         ; 7.544 ns   ; c[2] ; y[3] ; x          ;
; N/A   ; None         ; 7.531 ns   ; c[2] ; y[5] ; x          ;
; N/A   ; None         ; 7.531 ns   ; c[2] ; y[6] ; x          ;
; N/A   ; None         ; 7.504 ns   ; c[1] ; y[2] ; x          ;
; N/A   ; None         ; 7.500 ns   ; c[1] ; y[1] ; x          ;
; N/A   ; None         ; 7.482 ns   ; c[1] ; y[0] ; x          ;
; N/A   ; None         ; 7.397 ns   ; c[0] ; y[0] ; x          ;
; N/A   ; None         ; 7.380 ns   ; c[0] ; y[2] ; x          ;
; N/A   ; None         ; 7.372 ns   ; c[0] ; y[1] ; x          ;
; N/A   ; None         ; 7.282 ns   ; c[1] ; y[4] ; x          ;
; N/A   ; None         ; 7.279 ns   ; c[1] ; y[3] ; x          ;
; N/A   ; None         ; 7.268 ns   ; c[1] ; y[6] ; x          ;
; N/A   ; None         ; 7.267 ns   ; c[1] ; y[5] ; x          ;
; N/A   ; None         ; 7.155 ns   ; c[0] ; y[4] ; x          ;
; N/A   ; None         ; 7.153 ns   ; c[0] ; y[3] ; x          ;
; N/A   ; None         ; 7.141 ns   ; c[0] ; y[5] ; x          ;
; N/A   ; None         ; 7.137 ns   ; c[0] ; y[6] ; x          ;
; N/A   ; None         ; 7.064 ns   ; c[3] ; y[0] ; x          ;
; N/A   ; None         ; 7.047 ns   ; c[3] ; y[2] ; x          ;
; N/A   ; None         ; 7.038 ns   ; c[3] ; y[1] ; x          ;
; N/A   ; None         ; 6.822 ns   ; c[3] ; y[4] ; x          ;
; N/A   ; None         ; 6.819 ns   ; c[3] ; y[3] ; x          ;
; N/A   ; None         ; 6.807 ns   ; c[3] ; y[5] ; x          ;
; N/A   ; None         ; 6.805 ns   ; c[3] ; y[6] ; x          ;
+-------+--------------+------------+------+------+------------+


+--------------------------+
; Timing Analyzer Messages ;
+--------------------------+
Info: *******************************************************************
Info: Running Quartus II Classic Timing Analyzer
    Info: Version 9.1 Build 350 03/24/2010 Service Pack 2 SJ Web Edition
    Info: Processing started: Fri Mar 09 09:25:33 2018
Info: Command: quartus_tan --read_settings_files=off --write_settings_files=off counter_seven -c counter_seven --timing_analysis_only
Warning: Found pins functioning as undefined clocks and/or memory enables
    Info: Assuming node "x" is an undefined clock
Info: Clock "x" Internal fmax is restricted to 420.17 MHz between source register "c[2]" and destination register "c[3]"
    Info: fmax restricted to clock pin edge rate 2.38 ns. Expand message to see actual delay path.
        Info: + Longest register to register delay is 0.881 ns
            Info: 1: + IC(0.000 ns) + CELL(0.000 ns) = 0.000 ns; Loc. = LCFF_X27_Y1_N13; Fanout = 9; REG Node = 'c[2]'
            Info: 2: + IC(0.359 ns) + CELL(0.438 ns) = 0.797 ns; Loc. = LCCOMB_X27_Y1_N6; Fanout = 1; COMB Node = 'c[3]~2'
            Info: 3: + IC(0.000 ns) + CELL(0.084 ns) = 0.881 ns; Loc. = LCFF_X27_Y1_N7; Fanout = 8; REG Node = 'c[3]'
            Info: Total cell delay = 0.522 ns ( 59.25 % )
            Info: Total interconnect delay = 0.359 ns ( 40.75 % )
        Info: - Smallest clock skew is 0.000 ns
            Info: + Shortest clock path from clock "x" to destination register is 2.693 ns
                Info: 1: + IC(0.000 ns) + CELL(0.999 ns) = 0.999 ns; Loc. = PIN_N25; Fanout = 1; CLK Node = 'x'
                Info: 2: + IC(0.118 ns) + CELL(0.000 ns) = 1.117 ns; Loc. = CLKCTRL_G6; Fanout = 4; COMB Node = 'x~clkctrl'
                Info: 3: + IC(1.039 ns) + CELL(0.537 ns) = 2.693 ns; Loc. = LCFF_X27_Y1_N7; Fanout = 8; REG Node = 'c[3]'
                Info: Total cell delay = 1.536 ns ( 57.04 % )
                Info: Total interconnect delay = 1.157 ns ( 42.96 % )
            Info: - Longest clock path from clock "x" to source register is 2.693 ns
                Info: 1: + IC(0.000 ns) + CELL(0.999 ns) = 0.999 ns; Loc. = PIN_N25; Fanout = 1; CLK Node = 'x'
                Info: 2: + IC(0.118 ns) + CELL(0.000 ns) = 1.117 ns; Loc. = CLKCTRL_G6; Fanout = 4; COMB Node = 'x~clkctrl'
                Info: 3: + IC(1.039 ns) + CELL(0.537 ns) = 2.693 ns; Loc. = LCFF_X27_Y1_N13; Fanout = 9; REG Node = 'c[2]'
                Info: Total cell delay = 1.536 ns ( 57.04 % )
                Info: Total interconnect delay = 1.157 ns ( 42.96 % )
        Info: + Micro clock to output delay of source is 0.250 ns
        Info: + Micro setup delay of destination is -0.036 ns
Info: tco from clock "x" to destination pin "y[0]" through register "c[2]" is 7.789 ns
    Info: + Longest clock path from clock "x" to source register is 2.693 ns
        Info: 1: + IC(0.000 ns) + CELL(0.999 ns) = 0.999 ns; Loc. = PIN_N25; Fanout = 1; CLK Node = 'x'
        Info: 2: + IC(0.118 ns) + CELL(0.000 ns) = 1.117 ns; Loc. = CLKCTRL_G6; Fanout = 4; COMB Node = 'x~clkctrl'
        Info: 3: + IC(1.039 ns) + CELL(0.537 ns) = 2.693 ns; Loc. = LCFF_X27_Y1_N13; Fanout = 9; REG Node = 'c[2]'
        Info: Total cell delay = 1.536 ns ( 57.04 % )
        Info: Total interconnect delay = 1.157 ns ( 42.96 % )
    Info: + Micro clock to output delay of source is 0.250 ns
    Info: + Longest register to pin delay is 4.846 ns
        Info: 1: + IC(0.000 ns) + CELL(0.000 ns) = 0.000 ns; Loc. = LCFF_X27_Y1_N13; Fanout = 9; REG Node = 'c[2]'
        Info: 2: + IC(0.792 ns) + CELL(0.438 ns) = 1.230 ns; Loc. = LCCOMB_X27_Y1_N28; Fanout = 1; COMB Node = 'Mux0~0'
        Info: 3: + IC(0.818 ns) + CELL(2.798 ns) = 4.846 ns; Loc. = PIN_AF10; Fanout = 0; PIN Node = 'y[0]'
        Info: Total cell delay = 3.236 ns ( 66.78 % )
        Info: Total interconnect delay = 1.610 ns ( 33.22 % )
Info: Quartus II Classic Timing Analyzer was successful. 0 errors, 1 warning
    Info: Peak virtual memory: 229 megabytes
    Info: Processing ended: Fri Mar 09 09:25:34 2018
    Info: Elapsed time: 00:00:01
    Info: Total CPU time (on all processors): 00:00:00


