Classic Timing Analyzer report for divider_50
Tue May 01 21:48:58 2018
Quartus II Version 9.1 Build 350 03/24/2010 Service Pack 2 SJ Web Edition


---------------------
; Table of Contents ;
---------------------
  1. Legal Notice
  2. Timing Analyzer Summary
  3. Timing Analyzer Settings
  4. Clock Settings Summary
  5. Parallel Compilation
  6. Clock Setup: 'clk_in'
  7. tco
  8. Timing Analyzer Messages



----------------
; Legal Notice ;
----------------
Copyright (C) 1991-2010 Altera Corporation
Your use of Altera Corporation's design tools, logic functions 
and other software and tools, and its AMPP partner logic 
functions, and any output files from any of the foregoing 
(including device programming or simulation files), and any 
associated documentation or information are expressly subject 
to the terms and conditions of the Altera Program License 
Subscription Agreement, Altera MegaCore Function License 
Agreement, or other applicable license agreement, including, 
without limitation, that your use is for the sole purpose of 
programming logic devices manufactured by Altera and sold by 
Altera or its authorized distributors.  Please refer to the 
applicable agreement for further details.



+--------------------------------------------------------------------------------------------------------------------------------------------------------------------+
; Timing Analyzer Summary                                                                                                                                            ;
+------------------------------+-------+---------------+------------------------------------------------+----------+----------+------------+----------+--------------+
; Type                         ; Slack ; Required Time ; Actual Time                                    ; From     ; To       ; From Clock ; To Clock ; Failed Paths ;
+------------------------------+-------+---------------+------------------------------------------------+----------+----------+------------+----------+--------------+
; Worst-case tco               ; N/A   ; None          ; 7.644 ns                                       ; r_reg[3] ; clk_out  ; clk_in     ; --       ; 0            ;
; Clock Setup: 'clk_in'        ; N/A   ; None          ; Restricted to 420.17 MHz ( period = 2.380 ns ) ; r_reg[0] ; r_reg[4] ; clk_in     ; clk_in   ; 0            ;
; Total number of failed paths ;       ;               ;                                                ;          ;          ;            ;          ; 0            ;
+------------------------------+-------+---------------+------------------------------------------------+----------+----------+------------+----------+--------------+


+-----------------------------------------------------------------------------------------------------------------------------------------------------+
; Timing Analyzer Settings                                                                                                                            ;
+------------------------------------------------------------------------------------------------------+--------------------+------+----+-------------+
; Option                                                                                               ; Setting            ; From ; To ; Entity Name ;
+------------------------------------------------------------------------------------------------------+--------------------+------+----+-------------+
; Device Name                                                                                          ; EP2C35F672C6       ;      ;    ;             ;
; Timing Models                                                                                        ; Final              ;      ;    ;             ;
; Default hold multicycle                                                                              ; Same as Multicycle ;      ;    ;             ;
; Cut paths between unrelated clock domains                                                            ; On                 ;      ;    ;             ;
; Cut off read during write signal paths                                                               ; On                 ;      ;    ;             ;
; Cut off feedback from I/O pins                                                                       ; On                 ;      ;    ;             ;
; Report Combined Fast/Slow Timing                                                                     ; Off                ;      ;    ;             ;
; Ignore Clock Settings                                                                                ; Off                ;      ;    ;             ;
; Analyze latches as synchronous elements                                                              ; On                 ;      ;    ;             ;
; Enable Recovery/Removal analysis                                                                     ; Off                ;      ;    ;             ;
; Enable Clock Latency                                                                                 ; Off                ;      ;    ;             ;
; Use TimeQuest Timing Analyzer                                                                        ; Off                ;      ;    ;             ;
; Minimum Core Junction Temperature                                                                    ; 0                  ;      ;    ;             ;
; Maximum Core Junction Temperature                                                                    ; 85                 ;      ;    ;             ;
; Number of source nodes to report per destination node                                                ; 10                 ;      ;    ;             ;
; Number of destination nodes to report                                                                ; 10                 ;      ;    ;             ;
; Number of paths to report                                                                            ; 200                ;      ;    ;             ;
; Report Minimum Timing Checks                                                                         ; Off                ;      ;    ;             ;
; Use Fast Timing Models                                                                               ; Off                ;      ;    ;             ;
; Report IO Paths Separately                                                                           ; Off                ;      ;    ;             ;
; Perform Multicorner Analysis                                                                         ; On                 ;      ;    ;             ;
; Reports the worst-case path for each clock domain and analysis                                       ; Off                ;      ;    ;             ;
; Reports worst-case timing paths for each clock domain and analysis                                   ; On                 ;      ;    ;             ;
; Specifies the maximum number of worst-case timing paths to report for each clock domain and analysis ; 100                ;      ;    ;             ;
; Removes common clock path pessimism (CCPP) during slack computation                                  ; Off                ;      ;    ;             ;
; Output I/O Timing Endpoint                                                                           ; Near End           ;      ;    ;             ;
+------------------------------------------------------------------------------------------------------+--------------------+------+----+-------------+


+------------------------------------------------------------------------------------------------------------------------------------------------------------------------------------+
; Clock Settings Summary                                                                                                                                                             ;
+-----------------+--------------------+----------+------------------+---------------+--------------+----------+-----------------------+---------------------+--------+--------------+
; Clock Node Name ; Clock Setting Name ; Type     ; Fmax Requirement ; Early Latency ; Late Latency ; Based on ; Multiply Base Fmax by ; Divide Base Fmax by ; Offset ; Phase offset ;
+-----------------+--------------------+----------+------------------+---------------+--------------+----------+-----------------------+---------------------+--------+--------------+
; clk_in          ;                    ; User Pin ; None             ; 0.000 ns      ; 0.000 ns     ; --       ; N/A                   ; N/A                 ; N/A    ;              ;
+-----------------+--------------------+----------+------------------+---------------+--------------+----------+-----------------------+---------------------+--------+--------------+


Parallel compilation was disabled, but you have multiple processors available. Enable parallel compilation to reduce compilation time.
+-------------------------------------+
; Parallel Compilation                ;
+----------------------------+--------+
; Processors                 ; Number ;
+----------------------------+--------+
; Number detected on machine ; 2      ;
; Maximum allowed            ; 1      ;
+----------------------------+--------+


+------------------------------------------------------------------------------------------------------------------------------------------------------------------------------------------+
; Clock Setup: 'clk_in'                                                                                                                                                                    ;
+-------+------------------------------------------------+----------+----------+------------+----------+-----------------------------+---------------------------+-------------------------+
; Slack ; Actual fmax (period)                           ; From     ; To       ; From Clock ; To Clock ; Required Setup Relationship ; Required Longest P2P Time ; Actual Longest P2P Time ;
+-------+------------------------------------------------+----------+----------+------------+----------+-----------------------------+---------------------------+-------------------------+
; N/A   ; Restricted to 420.17 MHz ( period = 2.380 ns ) ; r_reg[0] ; r_reg[4] ; clk_in     ; clk_in   ; None                        ; None                      ; 2.090 ns                ;
; N/A   ; Restricted to 420.17 MHz ( period = 2.380 ns ) ; r_reg[0] ; r_reg[5] ; clk_in     ; clk_in   ; None                        ; None                      ; 2.032 ns                ;
; N/A   ; Restricted to 420.17 MHz ( period = 2.380 ns ) ; r_reg[1] ; r_reg[4] ; clk_in     ; clk_in   ; None                        ; None                      ; 1.996 ns                ;
; N/A   ; Restricted to 420.17 MHz ( period = 2.380 ns ) ; r_reg[1] ; r_reg[5] ; clk_in     ; clk_in   ; None                        ; None                      ; 1.938 ns                ;
; N/A   ; Restricted to 420.17 MHz ( period = 2.380 ns ) ; r_reg[2] ; r_reg[4] ; clk_in     ; clk_in   ; None                        ; None                      ; 1.839 ns                ;
; N/A   ; Restricted to 420.17 MHz ( period = 2.380 ns ) ; r_reg[0] ; r_reg[1] ; clk_in     ; clk_in   ; None                        ; None                      ; 1.806 ns                ;
; N/A   ; Restricted to 420.17 MHz ( period = 2.380 ns ) ; r_reg[2] ; r_reg[5] ; clk_in     ; clk_in   ; None                        ; None                      ; 1.781 ns                ;
; N/A   ; Restricted to 420.17 MHz ( period = 2.380 ns ) ; r_reg[3] ; r_reg[4] ; clk_in     ; clk_in   ; None                        ; None                      ; 1.741 ns                ;
; N/A   ; Restricted to 420.17 MHz ( period = 2.380 ns ) ; r_reg[3] ; r_reg[5] ; clk_in     ; clk_in   ; None                        ; None                      ; 1.700 ns                ;
; N/A   ; Restricted to 420.17 MHz ( period = 2.380 ns ) ; r_reg[3] ; r_reg[1] ; clk_in     ; clk_in   ; None                        ; None                      ; 1.695 ns                ;
; N/A   ; Restricted to 420.17 MHz ( period = 2.380 ns ) ; r_reg[4] ; r_reg[5] ; clk_in     ; clk_in   ; None                        ; None                      ; 1.614 ns                ;
; N/A   ; Restricted to 420.17 MHz ( period = 2.380 ns ) ; r_reg[4] ; r_reg[1] ; clk_in     ; clk_in   ; None                        ; None                      ; 1.489 ns                ;
; N/A   ; Restricted to 420.17 MHz ( period = 2.380 ns ) ; r_reg[0] ; r_reg[3] ; clk_in     ; clk_in   ; None                        ; None                      ; 1.486 ns                ;
; N/A   ; Restricted to 420.17 MHz ( period = 2.380 ns ) ; r_reg[0] ; r_reg[2] ; clk_in     ; clk_in   ; None                        ; None                      ; 1.415 ns                ;
; N/A   ; Restricted to 420.17 MHz ( period = 2.380 ns ) ; r_reg[1] ; r_reg[1] ; clk_in     ; clk_in   ; None                        ; None                      ; 1.396 ns                ;
; N/A   ; Restricted to 420.17 MHz ( period = 2.380 ns ) ; r_reg[1] ; r_reg[3] ; clk_in     ; clk_in   ; None                        ; None                      ; 1.392 ns                ;
; N/A   ; Restricted to 420.17 MHz ( period = 2.380 ns ) ; r_reg[2] ; r_reg[1] ; clk_in     ; clk_in   ; None                        ; None                      ; 1.376 ns                ;
; N/A   ; Restricted to 420.17 MHz ( period = 2.380 ns ) ; r_reg[4] ; r_reg[4] ; clk_in     ; clk_in   ; None                        ; None                      ; 1.360 ns                ;
; N/A   ; Restricted to 420.17 MHz ( period = 2.380 ns ) ; r_reg[1] ; r_reg[2] ; clk_in     ; clk_in   ; None                        ; None                      ; 1.321 ns                ;
; N/A   ; Restricted to 420.17 MHz ( period = 2.380 ns ) ; r_reg[5] ; r_reg[5] ; clk_in     ; clk_in   ; None                        ; None                      ; 1.244 ns                ;
; N/A   ; Restricted to 420.17 MHz ( period = 2.380 ns ) ; r_reg[5] ; r_reg[1] ; clk_in     ; clk_in   ; None                        ; None                      ; 1.239 ns                ;
; N/A   ; Restricted to 420.17 MHz ( period = 2.380 ns ) ; r_reg[2] ; r_reg[3] ; clk_in     ; clk_in   ; None                        ; None                      ; 1.235 ns                ;
; N/A   ; Restricted to 420.17 MHz ( period = 2.380 ns ) ; r_reg[5] ; r_reg[4] ; clk_in     ; clk_in   ; None                        ; None                      ; 0.969 ns                ;
; N/A   ; Restricted to 420.17 MHz ( period = 2.380 ns ) ; r_reg[0] ; r_reg[0] ; clk_in     ; clk_in   ; None                        ; None                      ; 0.870 ns                ;
; N/A   ; Restricted to 420.17 MHz ( period = 2.380 ns ) ; r_reg[2] ; r_reg[2] ; clk_in     ; clk_in   ; None                        ; None                      ; 0.849 ns                ;
; N/A   ; Restricted to 420.17 MHz ( period = 2.380 ns ) ; r_reg[3] ; r_reg[3] ; clk_in     ; clk_in   ; None                        ; None                      ; 0.825 ns                ;
+-------+------------------------------------------------+----------+----------+------------+----------+-----------------------------+---------------------------+-------------------------+


+---------------------------------------------------------------------+
; tco                                                                 ;
+-------+--------------+------------+----------+---------+------------+
; Slack ; Required tco ; Actual tco ; From     ; To      ; From Clock ;
+-------+--------------+------------+----------+---------+------------+
; N/A   ; None         ; 7.644 ns   ; r_reg[3] ; clk_out ; clk_in     ;
; N/A   ; None         ; 7.438 ns   ; r_reg[4] ; clk_out ; clk_in     ;
; N/A   ; None         ; 7.325 ns   ; r_reg[2] ; clk_out ; clk_in     ;
; N/A   ; None         ; 7.188 ns   ; r_reg[5] ; clk_out ; clk_in     ;
; N/A   ; None         ; 7.067 ns   ; r_reg[0] ; clk_out ; clk_in     ;
; N/A   ; None         ; 7.019 ns   ; r_reg[1] ; clk_out ; clk_in     ;
+-------+--------------+------------+----------+---------+------------+


+--------------------------+
; Timing Analyzer Messages ;
+--------------------------+
Info: *******************************************************************
Info: Running Quartus II Classic Timing Analyzer
    Info: Version 9.1 Build 350 03/24/2010 Service Pack 2 SJ Web Edition
    Info: Processing started: Tue May 01 21:48:57 2018
Info: Command: quartus_tan --read_settings_files=off --write_settings_files=off divider_50 -c divider_50 --timing_analysis_only
Warning: Found pins functioning as undefined clocks and/or memory enables
    Info: Assuming node "clk_in" is an undefined clock
Info: Clock "clk_in" Internal fmax is restricted to 420.17 MHz between source register "r_reg[0]" and destination register "r_reg[4]"
    Info: fmax restricted to clock pin edge rate 2.38 ns. Expand message to see actual delay path.
        Info: + Longest register to register delay is 2.090 ns
            Info: 1: + IC(0.000 ns) + CELL(0.000 ns) = 0.000 ns; Loc. = LCFF_X15_Y1_N13; Fanout = 6; REG Node = 'r_reg[0]'
            Info: 2: + IC(0.348 ns) + CELL(0.414 ns) = 0.762 ns; Loc. = LCCOMB_X15_Y1_N12; Fanout = 2; COMB Node = 'Add0~1'
            Info: 3: + IC(0.000 ns) + CELL(0.159 ns) = 0.921 ns; Loc. = LCCOMB_X15_Y1_N14; Fanout = 2; COMB Node = 'Add0~3'
            Info: 4: + IC(0.000 ns) + CELL(0.071 ns) = 0.992 ns; Loc. = LCCOMB_X15_Y1_N16; Fanout = 2; COMB Node = 'Add0~5'
            Info: 5: + IC(0.000 ns) + CELL(0.071 ns) = 1.063 ns; Loc. = LCCOMB_X15_Y1_N18; Fanout = 2; COMB Node = 'Add0~7'
            Info: 6: + IC(0.000 ns) + CELL(0.410 ns) = 1.473 ns; Loc. = LCCOMB_X15_Y1_N20; Fanout = 1; COMB Node = 'Add0~8'
            Info: 7: + IC(0.258 ns) + CELL(0.275 ns) = 2.006 ns; Loc. = LCCOMB_X15_Y1_N2; Fanout = 1; COMB Node = 'r_next[4]~1'
            Info: 8: + IC(0.000 ns) + CELL(0.084 ns) = 2.090 ns; Loc. = LCFF_X15_Y1_N3; Fanout = 3; REG Node = 'r_reg[4]'
            Info: Total cell delay = 1.484 ns ( 71.00 % )
            Info: Total interconnect delay = 0.606 ns ( 29.00 % )
        Info: - Smallest clock skew is 0.000 ns
            Info: + Shortest clock path from clock "clk_in" to destination register is 2.707 ns
                Info: 1: + IC(0.000 ns) + CELL(0.999 ns) = 0.999 ns; Loc. = PIN_P2; Fanout = 1; CLK Node = 'clk_in'
                Info: 2: + IC(0.118 ns) + CELL(0.000 ns) = 1.117 ns; Loc. = CLKCTRL_G3; Fanout = 6; COMB Node = 'clk_in~clkctrl'
                Info: 3: + IC(1.053 ns) + CELL(0.537 ns) = 2.707 ns; Loc. = LCFF_X15_Y1_N3; Fanout = 3; REG Node = 'r_reg[4]'
                Info: Total cell delay = 1.536 ns ( 56.74 % )
                Info: Total interconnect delay = 1.171 ns ( 43.26 % )
            Info: - Longest clock path from clock "clk_in" to source register is 2.707 ns
                Info: 1: + IC(0.000 ns) + CELL(0.999 ns) = 0.999 ns; Loc. = PIN_P2; Fanout = 1; CLK Node = 'clk_in'
                Info: 2: + IC(0.118 ns) + CELL(0.000 ns) = 1.117 ns; Loc. = CLKCTRL_G3; Fanout = 6; COMB Node = 'clk_in~clkctrl'
                Info: 3: + IC(1.053 ns) + CELL(0.537 ns) = 2.707 ns; Loc. = LCFF_X15_Y1_N13; Fanout = 6; REG Node = 'r_reg[0]'
                Info: Total cell delay = 1.536 ns ( 56.74 % )
                Info: Total interconnect delay = 1.171 ns ( 43.26 % )
        Info: + Micro clock to output delay of source is 0.250 ns
        Info: + Micro setup delay of destination is -0.036 ns
Info: tco from clock "clk_in" to destination pin "clk_out" through register "r_reg[3]" is 7.644 ns
    Info: + Longest clock path from clock "clk_in" to source register is 2.707 ns
        Info: 1: + IC(0.000 ns) + CELL(0.999 ns) = 0.999 ns; Loc. = PIN_P2; Fanout = 1; CLK Node = 'clk_in'
        Info: 2: + IC(0.118 ns) + CELL(0.000 ns) = 1.117 ns; Loc. = CLKCTRL_G3; Fanout = 6; COMB Node = 'clk_in~clkctrl'
        Info: 3: + IC(1.053 ns) + CELL(0.537 ns) = 2.707 ns; Loc. = LCFF_X15_Y1_N19; Fanout = 3; REG Node = 'r_reg[3]'
        Info: Total cell delay = 1.536 ns ( 56.74 % )
        Info: Total interconnect delay = 1.171 ns ( 43.26 % )
    Info: + Micro clock to output delay of source is 0.250 ns
    Info: + Longest register to pin delay is 4.687 ns
        Info: 1: + IC(0.000 ns) + CELL(0.000 ns) = 0.000 ns; Loc. = LCFF_X15_Y1_N19; Fanout = 3; REG Node = 'r_reg[3]'
        Info: 2: + IC(0.515 ns) + CELL(0.398 ns) = 0.913 ns; Loc. = LCCOMB_X15_Y1_N28; Fanout = 4; COMB Node = 'Equal0~0'
        Info: 3: + IC(0.276 ns) + CELL(0.150 ns) = 1.339 ns; Loc. = LCCOMB_X15_Y1_N8; Fanout = 1; COMB Node = 'Equal0~1'
        Info: 4: + IC(0.580 ns) + CELL(2.768 ns) = 4.687 ns; Loc. = PIN_AB10; Fanout = 0; PIN Node = 'clk_out'
        Info: Total cell delay = 3.316 ns ( 70.75 % )
        Info: Total interconnect delay = 1.371 ns ( 29.25 % )
Info: Quartus II Classic Timing Analyzer was successful. 0 errors, 1 warning
    Info: Peak virtual memory: 229 megabytes
    Info: Processing ended: Tue May 01 21:48:58 2018
    Info: Elapsed time: 00:00:01
    Info: Total CPU time (on all processors): 00:00:00


